{"/Users/cuimengkai/Downloads/repositories/tzx/src/components/fullscreen.vue": {"path":"/Users/cuimengkai/Downloads/repositories/tzx/src/components/fullscreen.vue","statementMap":{"0":{"start":{"line":20,"column":0},"end":{"line":null,"column":-1}},"1":{"start":{"line":25,"column":0},"end":{"line":null,"column":-1}},"2":{"start":{"line":26,"column":0},"end":{"line":46,"column":0}},"3":{"start":{"line":27,"column":0},"end":{"line":35,"column":0}},"4":{"start":{"line":28,"column":0},"end":{"line":null,"column":-1}},"5":{"start":{"line":29,"column":0},"end":{"line":35,"column":0}},"6":{"start":{"line":30,"column":0},"end":{"line":null,"column":-1}},"7":{"start":{"line":31,"column":0},"end":{"line":35,"column":0}},"8":{"start":{"line":32,"column":0},"end":{"line":null,"column":-1}},"9":{"start":{"line":33,"column":0},"end":{"line":35,"column":0}},"10":{"start":{"line":34,"column":0},"end":{"line":null,"column":-1}},"11":{"start":{"line":37,"column":0},"end":{"line":45,"column":0}},"12":{"start":{"line":38,"column":0},"end":{"line":null,"column":-1}},"13":{"start":{"line":39,"column":0},"end":{"line":45,"column":0}},"14":{"start":{"line":40,"column":0},"end":{"line":null,"column":-1}},"15":{"start":{"line":41,"column":0},"end":{"line":45,"column":0}},"16":{"start":{"line":42,"column":0},"end":{"line":null,"column":-1}},"17":{"start":{"line":43,"column":0},"end":{"line":45,"column":0}},"18":{"start":{"line":44,"column":0},"end":{"line":null,"column":-1}},"19":{"start":{"line":49,"column":0},"end":{"line":null,"column":-1}},"20":{"start":{"line":52,"column":0},"end":{"line":null,"column":-1}},"21":{"start":{"line":53,"column":0},"end":{"line":null,"column":-1}},"22":{"start":{"line":54,"column":0},"end":{"line":null,"column":-1}},"23":{"start":{"line":55,"column":0},"end":{"line":58,"column":0}},"24":{"start":{"line":56,"column":0},"end":{"line":null,"column":-1}},"25":{"start":{"line":57,"column":0},"end":{"line":null,"column":-1}},"26":{"start":{"line":59,"column":0},"end":{"line":62,"column":0}},"27":{"start":{"line":60,"column":0},"end":{"line":null,"column":-1}},"28":{"start":{"line":61,"column":0},"end":{"line":null,"column":-1}},"29":{"start":{"line":63,"column":0},"end":{"line":66,"column":0}},"30":{"start":{"line":64,"column":0},"end":{"line":null,"column":-1}},"31":{"start":{"line":65,"column":0},"end":{"line":null,"column":-1}},"32":{"start":{"line":67,"column":0},"end":{"line":70,"column":0}},"33":{"start":{"line":68,"column":0},"end":{"line":null,"column":-1}},"34":{"start":{"line":69,"column":0},"end":{"line":null,"column":-1}},"35":{"start":{"line":71,"column":0},"end":{"line":null,"column":-1}}},"fnMap":{"0":{"name":"showFullScreenBtn","decl":{"start":{"line":19,"column":0},"end":{"line":null,"column":-1}},"loc":{"start":{"line":19,"column":0},"end":{"line":21,"column":0}}},"1":{"name":"handleFullscreen","decl":{"start":{"line":24,"column":0},"end":{"line":null,"column":-1}},"loc":{"start":{"line":24,"column":0},"end":{"line":47,"column":0}}},"2":{"name":"handleChange","decl":{"start":{"line":48,"column":0},"end":{"line":null,"column":-1}},"loc":{"start":{"line":48,"column":0},"end":{"line":50,"column":0}}},"3":{"name":"created","decl":{"start":{"line":52,"column":0},"end":{"line":null,"column":-1}},"loc":{"start":{"line":52,"column":0},"end":{"line":72,"column":0}}},"4":{"name":"(anonymous_5)","decl":{"start":{"line":55,"column":0},"end":{"line":null,"column":-1}},"loc":{"start":{"line":55,"column":0},"end":{"line":58,"column":0}}},"5":{"name":"(anonymous_6)","decl":{"start":{"line":59,"column":0},"end":{"line":null,"column":-1}},"loc":{"start":{"line":59,"column":0},"end":{"line":62,"column":0}}},"6":{"name":"(anonymous_7)","decl":{"start":{"line":63,"column":0},"end":{"line":null,"column":-1}},"loc":{"start":{"line":63,"column":0},"end":{"line":66,"column":0}}},"7":{"name":"(anonymous_8)","decl":{"start":{"line":67,"column":0},"end":{"line":null,"column":-1}},"loc":{"start":{"line":67,"column":0},"end":{"line":70,"column":0}}}},"branchMap":{"0":{"loc":{"start":{"line":26,"column":0},"end":{"line":46,"column":0}},"type":"if","locations":[{"start":{"line":26,"column":0},"end":{"line":46,"column":0}},{"start":{"line":26,"column":0},"end":{"line":46,"column":0}}]},"1":{"loc":{"start":{"line":27,"column":0},"end":{"line":35,"column":0}},"type":"if","locations":[{"start":{"line":27,"column":0},"end":{"line":35,"column":0}},{"start":{"line":27,"column":0},"end":{"line":35,"column":0}}]},"2":{"loc":{"start":{"line":29,"column":0},"end":{"line":35,"column":0}},"type":"if","locations":[{"start":{"line":29,"column":0},"end":{"line":35,"column":0}},{"start":{"line":29,"column":0},"end":{"line":35,"column":0}}]},"3":{"loc":{"start":{"line":31,"column":0},"end":{"line":35,"column":0}},"type":"if","locations":[{"start":{"line":31,"column":0},"end":{"line":35,"column":0}},{"start":{"line":31,"column":0},"end":{"line":35,"column":0}}]},"4":{"loc":{"start":{"line":33,"column":0},"end":{"line":35,"column":0}},"type":"if","locations":[{"start":{"line":33,"column":0},"end":{"line":35,"column":0}},{"start":{"line":33,"column":0},"end":{"line":35,"column":0}}]},"5":{"loc":{"start":{"line":37,"column":0},"end":{"line":45,"column":0}},"type":"if","locations":[{"start":{"line":37,"column":0},"end":{"line":45,"column":0}},{"start":{"line":37,"column":0},"end":{"line":45,"column":0}}]},"6":{"loc":{"start":{"line":39,"column":0},"end":{"line":45,"column":0}},"type":"if","locations":[{"start":{"line":39,"column":0},"end":{"line":45,"column":0}},{"start":{"line":39,"column":0},"end":{"line":45,"column":0}}]},"7":{"loc":{"start":{"line":41,"column":0},"end":{"line":45,"column":0}},"type":"if","locations":[{"start":{"line":41,"column":0},"end":{"line":45,"column":0}},{"start":{"line":41,"column":0},"end":{"line":45,"column":0}}]},"8":{"loc":{"start":{"line":43,"column":0},"end":{"line":45,"column":0}},"type":"if","locations":[{"start":{"line":43,"column":0},"end":{"line":45,"column":0}},{"start":{"line":43,"column":0},"end":{"line":45,"column":0}}]},"9":{"loc":{"start":{"line":53,"column":0},"end":{"line":null,"column":-1}},"type":"binary-expr","locations":[{"start":{"line":53,"column":0},"end":{"line":null,"column":-1}},{"start":{"line":53,"column":0},"end":{"line":null,"column":-1}},{"start":{"line":53,"column":0},"end":{"line":null,"column":-1}},{"start":{"line":53,"column":0},"end":{"line":null,"column":-1}},{"start":{"line":53,"column":0},"end":{"line":null,"column":-1}},{"start":{"line":53,"column":0},"end":{"line":null,"column":-1}}]}},"s":{"0":1,"1":0,"2":0,"3":0,"4":0,"5":0,"6":0,"7":0,"8":0,"9":0,"10":0,"11":0,"12":0,"13":0,"14":0,"15":0,"16":0,"17":0,"18":0,"19":0,"20":1,"21":1,"22":1,"23":1,"24":0,"25":0,"26":1,"27":0,"28":0,"29":1,"30":0,"31":0,"32":1,"33":0,"34":0,"35":1},"f":{"0":1,"1":0,"2":0,"3":1,"4":0,"5":0,"6":0,"7":0},"b":{"0":[0,0],"1":[0,0],"2":[0,0],"3":[0,0],"4":[0,0],"5":[0,0],"6":[0,0],"7":[0,0],"8":[0,0],"9":[1,1,1,1,1,1]}}
,"/Users/cuimengkai/Downloads/repositories/tzx/src/components/saasHeader.vue": {"path":"/Users/cuimengkai/Downloads/repositories/tzx/src/components/saasHeader.vue","statementMap":{"0":{"start":{"line":65,"column":0},"end":{"line":null,"column":-1}},"1":{"start":{"line":69,"column":0},"end":{"line":null,"column":-1}}},"fnMap":{"0":{"name":"data","decl":{"start":{"line":68,"column":0},"end":{"line":null,"column":-1}},"loc":{"start":{"line":68,"column":0},"end":{"line":72,"column":0}}}},"branchMap":{},"s":{"0":1,"1":1},"f":{"0":1},"b":{}}
,"/Users/cuimengkai/Downloads/repositories/tzx/src/components/saasNav.vue": {"path":"/Users/cuimengkai/Downloads/repositories/tzx/src/components/saasNav.vue","statementMap":{"0":{"start":{"line":52,"column":0},"end":{"line":null,"column":-1}},"1":{"start":{"line":254,"column":0},"end":{"line":null,"column":-1}},"2":{"start":{"line":255,"column":0},"end":{"line":null,"column":-1}},"3":{"start":{"line":256,"column":0},"end":{"line":null,"column":-1}}},"fnMap":{"0":{"name":"created","decl":{"start":{"line":49,"column":0},"end":{"line":null,"column":-1}},"loc":{"start":{"line":49,"column":0},"end":{"line":null,"column":-1}}},"1":{"name":"data","decl":{"start":{"line":51,"column":0},"end":{"line":null,"column":-1}},"loc":{"start":{"line":51,"column":0},"end":{"line":251,"column":0}}},"2":{"name":"toLink","decl":{"start":{"line":253,"column":0},"end":{"line":null,"column":-1}},"loc":{"start":{"line":253,"column":0},"end":{"line":257,"column":0}}}},"branchMap":{},"s":{"0":1,"1":0,"2":0,"3":0},"f":{"0":1,"1":1,"2":0},"b":{}}
,"/Users/cuimengkai/Downloads/repositories/tzx/src/components/saasTabBar.vue": {"path":"/Users/cuimengkai/Downloads/repositories/tzx/src/components/saasTabBar.vue","statementMap":{"0":{"start":{"line":35,"column":0},"end":{"line":null,"column":-1}},"1":{"start":{"line":37,"column":0},"end":{"line":41,"column":0}},"2":{"start":{"line":38,"column":0},"end":{"line":null,"column":-1}},"3":{"start":{"line":40,"column":0},"end":{"line":null,"column":-1}},"4":{"start":{"line":45,"column":0},"end":{"line":null,"column":-1}},"5":{"start":{"line":48,"column":0},"end":{"line":null,"column":-1}},"6":{"start":{"line":56,"column":0},"end":{"line":null,"column":-1}},"7":{"start":{"line":57,"column":0},"end":{"line":null,"column":-1}},"8":{"start":{"line":60,"column":0},"end":{"line":null,"column":-1}},"9":{"start":{"line":62,"column":0},"end":{"line":null,"column":-1}},"10":{"start":{"line":63,"column":0},"end":{"line":78,"column":0}},"11":{"start":{"line":64,"column":0},"end":{"line":null,"column":-1}},"12":{"start":{"line":66,"column":0},"end":{"line":78,"column":0}},"13":{"start":{"line":67,"column":0},"end":{"line":69,"column":0}},"14":{"start":{"line":68,"column":0},"end":{"line":null,"column":-1}},"15":{"start":{"line":70,"column":0},"end":{"line":73,"column":0}},"16":{"start":{"line":71,"column":0},"end":{"line":null,"column":-1}},"17":{"start":{"line":72,"column":0},"end":{"line":null,"column":-1}},"18":{"start":{"line":74,"column":0},"end":{"line":78,"column":0}},"19":{"start":{"line":75,"column":0},"end":{"line":null,"column":-1}},"20":{"start":{"line":76,"column":0},"end":{"line":78,"column":0}},"21":{"start":{"line":77,"column":0},"end":{"line":null,"column":-1}},"22":{"start":{"line":83,"column":0},"end":{"line":null,"column":-1}},"23":{"start":{"line":84,"column":0},"end":{"line":null,"column":-1}},"24":{"start":{"line":85,"column":0},"end":{"line":89,"column":0}},"25":{"start":{"line":86,"column":0},"end":{"line":88,"column":0}},"26":{"start":{"line":87,"column":0},"end":{"line":null,"column":-1}},"27":{"start":{"line":90,"column":0},"end":{"line":null,"column":-1}},"28":{"start":{"line":91,"column":0},"end":{"line":null,"column":-1}},"29":{"start":{"line":97,"column":0},"end":{"line":99,"column":0}},"30":{"start":{"line":98,"column":0},"end":{"line":null,"column":-1}},"31":{"start":{"line":100,"column":0},"end":{"line":104,"column":0}},"32":{"start":{"line":101,"column":0},"end":{"line":null,"column":-1}},"33":{"start":{"line":103,"column":0},"end":{"line":null,"column":-1}}},"fnMap":{"0":{"name":"getStyle","decl":{"start":{"line":36,"column":0},"end":{"line":null,"column":-1}},"loc":{"start":{"line":36,"column":0},"end":{"line":42,"column":0}}},"1":{"name":"created","decl":{"start":{"line":44,"column":0},"end":{"line":null,"column":-1}},"loc":{"start":{"line":44,"column":0},"end":{"line":46,"column":0}}},"2":{"name":"data","decl":{"start":{"line":47,"column":0},"end":{"line":null,"column":-1}},"loc":{"start":{"line":47,"column":0},"end":{"line":53,"column":0}}},"3":{"name":"removeTab","decl":{"start":{"line":55,"column":0},"end":{"line":null,"column":-1}},"loc":{"start":{"line":55,"column":0},"end":{"line":58,"column":0}}},"4":{"name":"changeActiveTab","decl":{"start":{"line":59,"column":0},"end":{"line":null,"column":-1}},"loc":{"start":{"line":59,"column":0},"end":{"line":61,"column":0}}},"5":{"name":"handleCommand","decl":{"start":{"line":62,"column":0},"end":{"line":null,"column":-1}},"loc":{"start":{"line":62,"column":0},"end":{"line":79,"column":0}}},"6":{"name":"(anonymous_8)","decl":{"start":{"line":67,"column":0},"end":{"line":null,"column":-1}},"loc":{"start":{"line":67,"column":0},"end":{"line":69,"column":0}}},"7":{"name":"getNavTabs","decl":{"start":{"line":82,"column":0},"end":{"line":null,"column":-1}},"loc":{"start":{"line":82,"column":0},"end":{"line":92,"column":0}}},"8":{"name":"(anonymous_10)","decl":{"start":{"line":85,"column":0},"end":{"line":null,"column":-1}},"loc":{"start":{"line":85,"column":0},"end":{"line":89,"column":0}}},"9":{"name":"activeTabValue","decl":{"start":{"line":96,"column":0},"end":{"line":null,"column":-1}},"loc":{"start":{"line":96,"column":0},"end":{"line":105,"column":0}}},"10":{"name":"(anonymous_12)","decl":{"start":{"line":97,"column":0},"end":{"line":null,"column":-1}},"loc":{"start":{"line":97,"column":0},"end":{"line":99,"column":0}}}},"branchMap":{"0":{"loc":{"start":{"line":37,"column":0},"end":{"line":41,"column":0}},"type":"if","locations":[{"start":{"line":37,"column":0},"end":{"line":41,"column":0}},{"start":{"line":37,"column":0},"end":{"line":41,"column":0}}]},"1":{"loc":{"start":{"line":63,"column":0},"end":{"line":78,"column":0}},"type":"if","locations":[{"start":{"line":63,"column":0},"end":{"line":78,"column":0}},{"start":{"line":63,"column":0},"end":{"line":78,"column":0}}]},"2":{"loc":{"start":{"line":66,"column":0},"end":{"line":78,"column":0}},"type":"if","locations":[{"start":{"line":66,"column":0},"end":{"line":78,"column":0}},{"start":{"line":66,"column":0},"end":{"line":78,"column":0}}]},"3":{"loc":{"start":{"line":70,"column":0},"end":{"line":73,"column":0}},"type":"if","locations":[{"start":{"line":70,"column":0},"end":{"line":73,"column":0}},{"start":{"line":70,"column":0},"end":{"line":73,"column":0}}]},"4":{"loc":{"start":{"line":74,"column":0},"end":{"line":78,"column":0}},"type":"if","locations":[{"start":{"line":74,"column":0},"end":{"line":78,"column":0}},{"start":{"line":74,"column":0},"end":{"line":78,"column":0}}]},"5":{"loc":{"start":{"line":76,"column":0},"end":{"line":78,"column":0}},"type":"if","locations":[{"start":{"line":76,"column":0},"end":{"line":78,"column":0}},{"start":{"line":76,"column":0},"end":{"line":78,"column":0}}]},"6":{"loc":{"start":{"line":86,"column":0},"end":{"line":88,"column":0}},"type":"if","locations":[{"start":{"line":86,"column":0},"end":{"line":88,"column":0}},{"start":{"line":86,"column":0},"end":{"line":88,"column":0}}]},"7":{"loc":{"start":{"line":100,"column":0},"end":{"line":104,"column":0}},"type":"if","locations":[{"start":{"line":100,"column":0},"end":{"line":104,"column":0}},{"start":{"line":100,"column":0},"end":{"line":104,"column":0}}]}},"s":{"0":1,"1":0,"2":0,"3":0,"4":1,"5":1,"6":0,"7":0,"8":0,"9":0,"10":0,"11":0,"12":0,"13":0,"14":0,"15":0,"16":0,"17":0,"18":0,"19":0,"20":0,"21":0,"22":2,"23":2,"24":0,"25":0,"26":0,"27":0,"28":0,"29":0,"30":0,"31":0,"32":0,"33":0},"f":{"0":0,"1":1,"2":1,"3":0,"4":0,"5":0,"6":0,"7":2,"8":0,"9":0,"10":0},"b":{"0":[0,0],"1":[0,0],"2":[0,0],"3":[0,0],"4":[0,0],"5":[0,0],"6":[0,0],"7":[0,0]}}
,"/Users/cuimengkai/Downloads/repositories/tzx/src/views/home/index.vue": {"path":"/Users/cuimengkai/Downloads/repositories/tzx/src/views/home/index.vue","statementMap":{"0":{"start":{"line":10,"column":0},"end":{"line":null,"column":-1}}},"fnMap":{"0":{"name":"data","decl":{"start":{"line":9,"column":0},"end":{"line":null,"column":-1}},"loc":{"start":{"line":9,"column":0},"end":{"line":12,"column":0}}}},"branchMap":{},"s":{"0":1},"f":{"0":1},"b":{}}
,"/Users/cuimengkai/Downloads/repositories/tzx/src/views/organization/brandManage/brandManage.vue": {"path":"/Users/cuimengkai/Downloads/repositories/tzx/src/views/organization/brandManage/brandManage.vue","statementMap":{"0":{"start":{"line":13,"column":0},"end":{"line":null,"column":-1}},"1":{"start":{"line":16,"column":0},"end":{"line":null,"column":-1}},"2":{"start":{"line":22,"column":0},"end":{"line":null,"column":-1}},"3":{"start":{"line":25,"column":0},"end":{"line":null,"column":-1}}},"fnMap":{"0":{"name":"data","decl":{"start":{"line":15,"column":0},"end":{"line":null,"column":-1}},"loc":{"start":{"line":15,"column":0},"end":{"line":19,"column":0}}},"1":{"name":"addData","decl":{"start":{"line":21,"column":0},"end":{"line":null,"column":-1}},"loc":{"start":{"line":21,"column":0},"end":{"line":23,"column":0}}},"2":{"name":"closeEditBrandManage","decl":{"start":{"line":24,"column":0},"end":{"line":null,"column":-1}},"loc":{"start":{"line":24,"column":0},"end":{"line":26,"column":0}}}},"branchMap":{},"s":{"0":1,"1":1,"2":0,"3":0},"f":{"0":1,"1":0,"2":0},"b":{}}
,"/Users/cuimengkai/Downloads/repositories/tzx/src/views/organization/brandManage/children/editBrandManage.vue": {"path":"/Users/cuimengkai/Downloads/repositories/tzx/src/views/organization/brandManage/children/editBrandManage.vue","statementMap":{"0":{"start":{"line":65,"column":0},"end":{"line":76,"column":0}},"1":{"start":{"line":80,"column":0},"end":{"line":86,"column":0}},"2":{"start":{"line":81,"column":0},"end":{"line":85,"column":0}},"3":{"start":{"line":84,"column":0},"end":{"line":null,"column":-1}},"4":{"start":{"line":89,"column":0},"end":{"line":null,"column":-1}},"5":{"start":{"line":92,"column":0},"end":{"line":null,"column":-1}},"6":{"start":{"line":95,"column":0},"end":{"line":null,"column":-1}},"7":{"start":{"line":96,"column":0},"end":{"line":null,"column":-1}},"8":{"start":{"line":98,"column":0},"end":{"line":100,"column":0}},"9":{"start":{"line":99,"column":0},"end":{"line":null,"column":-1}},"10":{"start":{"line":101,"column":0},"end":{"line":103,"column":0}},"11":{"start":{"line":102,"column":0},"end":{"line":null,"column":-1}},"12":{"start":{"line":104,"column":0},"end":{"line":null,"column":-1}},"13":{"start":{"line":107,"column":0},"end":{"line":null,"column":-1}}},"fnMap":{"0":{"name":"created","decl":{"start":{"line":63,"column":0},"end":{"line":null,"column":-1}},"loc":{"start":{"line":63,"column":0},"end":{"line":null,"column":-1}}},"1":{"name":"data","decl":{"start":{"line":64,"column":0},"end":{"line":null,"column":-1}},"loc":{"start":{"line":64,"column":0},"end":{"line":77,"column":0}}},"2":{"name":"submitForm","decl":{"start":{"line":79,"column":0},"end":{"line":null,"column":-1}},"loc":{"start":{"line":79,"column":0},"end":{"line":87,"column":0}}},"3":{"name":"(anonymous_4)","decl":{"start":{"line":80,"column":0},"end":{"line":null,"column":-1}},"loc":{"start":{"line":80,"column":0},"end":{"line":86,"column":0}}},"4":{"name":"cancel","decl":{"start":{"line":88,"column":0},"end":{"line":null,"column":-1}},"loc":{"start":{"line":88,"column":0},"end":{"line":90,"column":0}}},"5":{"name":"handleAvatarSuccess","decl":{"start":{"line":91,"column":0},"end":{"line":null,"column":-1}},"loc":{"start":{"line":91,"column":0},"end":{"line":93,"column":0}}},"6":{"name":"beforeAvatarUpload","decl":{"start":{"line":94,"column":0},"end":{"line":null,"column":-1}},"loc":{"start":{"line":94,"column":0},"end":{"line":105,"column":0}}},"7":{"name":"close","decl":{"start":{"line":106,"column":0},"end":{"line":null,"column":-1}},"loc":{"start":{"line":106,"column":0},"end":{"line":108,"column":0}}}},"branchMap":{"0":{"loc":{"start":{"line":81,"column":0},"end":{"line":85,"column":0}},"type":"if","locations":[{"start":{"line":81,"column":0},"end":{"line":85,"column":0}},{"start":{"line":81,"column":0},"end":{"line":85,"column":0}}]},"1":{"loc":{"start":{"line":98,"column":0},"end":{"line":100,"column":0}},"type":"if","locations":[{"start":{"line":98,"column":0},"end":{"line":100,"column":0}},{"start":{"line":98,"column":0},"end":{"line":100,"column":0}}]},"2":{"loc":{"start":{"line":101,"column":0},"end":{"line":103,"column":0}},"type":"if","locations":[{"start":{"line":101,"column":0},"end":{"line":103,"column":0}},{"start":{"line":101,"column":0},"end":{"line":103,"column":0}}]},"3":{"loc":{"start":{"line":104,"column":0},"end":{"line":null,"column":-1}},"type":"binary-expr","locations":[{"start":{"line":104,"column":0},"end":{"line":null,"column":-1}},{"start":{"line":104,"column":0},"end":{"line":null,"column":-1}}]}},"s":{"0":1,"1":0,"2":0,"3":0,"4":0,"5":0,"6":0,"7":0,"8":0,"9":0,"10":0,"11":0,"12":0,"13":0},"f":{"0":1,"1":1,"2":0,"3":0,"4":0,"5":0,"6":0,"7":0},"b":{"0":[0,0],"1":[0,0],"2":[0,0],"3":[0,0]}}
,"/Users/cuimengkai/Downloads/repositories/tzx/src/views/organization/legalManage/legalManage.vue": {"path":"/Users/cuimengkai/Downloads/repositories/tzx/src/views/organization/legalManage/legalManage.vue","statementMap":{"0":{"start":{"line":7,"column":0},"end":{"line":null,"column":-1}},"1":{"start":{"line":108,"column":0},"end":{"line":null,"column":-1}},"2":{"start":{"line":111,"column":0},"end":{"line":null,"column":-1}},"3":{"start":{"line":114,"column":0},"end":{"line":null,"column":-1}},"4":{"start":{"line":115,"column":0},"end":{"line":null,"column":-1}},"5":{"start":{"line":118,"column":0},"end":{"line":null,"column":-1}},"6":{"start":{"line":122,"column":0},"end":{"line":null,"column":-1}},"7":{"start":{"line":123,"column":0},"end":{"line":null,"column":-1}},"8":{"start":{"line":127,"column":0},"end":{"line":null,"column":-1}},"9":{"start":{"line":128,"column":0},"end":{"line":null,"column":-1}},"10":{"start":{"line":131,"column":0},"end":{"line":null,"column":-1}},"11":{"start":{"line":132,"column":0},"end":{"line":null,"column":-1}},"12":{"start":{"line":136,"column":0},"end":{"line":null,"column":-1}},"13":{"start":{"line":139,"column":0},"end":{"line":143,"column":0}},"14":{"start":{"line":140,"column":0},"end":{"line":142,"column":0}},"15":{"start":{"line":143,"column":0},"end":{"line":null,"column":-1}},"16":{"start":{"line":151,"column":0},"end":{"line":null,"column":-1}}},"fnMap":{"0":{"name":"data","decl":{"start":{"line":6,"column":0},"end":{"line":null,"column":-1}},"loc":{"start":{"line":6,"column":0},"end":{"line":93,"column":0}}},"1":{"name":"handleClick","decl":{"start":{"line":107,"column":0},"end":{"line":null,"column":-1}},"loc":{"start":{"line":107,"column":0},"end":{"line":109,"column":0}}},"2":{"name":"formatter","decl":{"start":{"line":110,"column":0},"end":{"line":null,"column":-1}},"loc":{"start":{"line":110,"column":0},"end":{"line":112,"column":0}}},"3":{"name":"filterStore","decl":{"start":{"line":113,"column":0},"end":{"line":null,"column":-1}},"loc":{"start":{"line":113,"column":0},"end":{"line":116,"column":0}}},"4":{"name":"filterTag","decl":{"start":{"line":117,"column":0},"end":{"line":null,"column":-1}},"loc":{"start":{"line":117,"column":0},"end":{"line":119,"column":0}}},"5":{"name":"toSeeList","decl":{"start":{"line":121,"column":0},"end":{"line":null,"column":-1}},"loc":{"start":{"line":121,"column":0},"end":{"line":124,"column":0}}},"6":{"name":"handleSizeChange","decl":{"start":{"line":126,"column":0},"end":{"line":null,"column":-1}},"loc":{"start":{"line":126,"column":0},"end":{"line":129,"column":0}}},"7":{"name":"handleCurrentChange","decl":{"start":{"line":130,"column":0},"end":{"line":null,"column":-1}},"loc":{"start":{"line":130,"column":0},"end":{"line":133,"column":0}}},"8":{"name":"addData","decl":{"start":{"line":135,"column":0},"end":{"line":null,"column":-1}},"loc":{"start":{"line":135,"column":0},"end":{"line":137,"column":0}}},"9":{"name":"showTips","decl":{"start":{"line":138,"column":0},"end":{"line":null,"column":-1}},"loc":{"start":{"line":138,"column":0},"end":{"line":145,"column":0}}},"10":{"name":"hideTips","decl":{"start":{"line":146,"column":0},"end":{"line":null,"column":-1}},"loc":{"start":{"line":146,"column":0},"end":{"line":null,"column":-1}}},"11":{"name":"created","decl":{"start":{"line":150,"column":0},"end":{"line":null,"column":-1}},"loc":{"start":{"line":150,"column":0},"end":{"line":152,"column":0}}}},"branchMap":{"0":{"loc":{"start":{"line":139,"column":0},"end":{"line":143,"column":0}},"type":"if","locations":[{"start":{"line":139,"column":0},"end":{"line":143,"column":0}},{"start":{"line":139,"column":0},"end":{"line":143,"column":0}}]},"1":{"loc":{"start":{"line":140,"column":0},"end":{"line":142,"column":0}},"type":"if","locations":[{"start":{"line":140,"column":0},"end":{"line":142,"column":0}},{"start":{"line":140,"column":0},"end":{"line":142,"column":0}}]}},"s":{"0":1,"1":0,"2":0,"3":0,"4":0,"5":0,"6":0,"7":0,"8":0,"9":0,"10":0,"11":0,"12":0,"13":0,"14":0,"15":0,"16":1},"f":{"0":1,"1":0,"2":0,"3":0,"4":0,"5":0,"6":0,"7":0,"8":0,"9":0,"10":0,"11":1},"b":{"0":[0,0],"1":[0,0]}}
,"/Users/cuimengkai/Downloads/repositories/tzx/src/views/organization/legalManage/children/editLegalManage.vue": {"path":"/Users/cuimengkai/Downloads/repositories/tzx/src/views/organization/legalManage/children/editLegalManage.vue","statementMap":{"0":{"start":{"line":79,"column":0},"end":{"line":null,"column":-1}},"1":{"start":{"line":134,"column":0},"end":{"line":null,"column":-1}},"2":{"start":{"line":135,"column":0},"end":{"line":144,"column":0}},"3":{"start":{"line":136,"column":0},"end":{"line":143,"column":0}},"4":{"start":{"line":137,"column":0},"end":{"line":null,"column":-1}},"5":{"start":{"line":138,"column":0},"end":{"line":null,"column":-1}},"6":{"start":{"line":139,"column":0},"end":{"line":null,"column":-1}},"7":{"start":{"line":141,"column":0},"end":{"line":null,"column":-1}},"8":{"start":{"line":142,"column":0},"end":{"line":null,"column":-1}},"9":{"start":{"line":147,"column":0},"end":{"line":null,"column":-1}},"10":{"start":{"line":148,"column":0},"end":{"line":null,"column":-1}},"11":{"start":{"line":149,"column":0},"end":{"line":null,"column":-1}},"12":{"start":{"line":152,"column":0},"end":{"line":154,"column":0}},"13":{"start":{"line":153,"column":0},"end":{"line":null,"column":-1}},"14":{"start":{"line":157,"column":0},"end":{"line":null,"column":-1}}},"fnMap":{"0":{"name":"created","decl":{"start":{"line":75,"column":0},"end":{"line":null,"column":-1}},"loc":{"start":{"line":75,"column":0},"end":{"line":null,"column":-1}}},"1":{"name":"data","decl":{"start":{"line":78,"column":0},"end":{"line":null,"column":-1}},"loc":{"start":{"line":78,"column":0},"end":{"line":132,"column":0}}},"2":{"name":"submitForm","decl":{"start":{"line":134,"column":0},"end":{"line":null,"column":-1}},"loc":{"start":{"line":134,"column":0},"end":{"line":145,"column":0}}},"3":{"name":"(anonymous_5)","decl":{"start":{"line":135,"column":0},"end":{"line":null,"column":-1}},"loc":{"start":{"line":135,"column":0},"end":{"line":144,"column":0}}},"4":{"name":"sendForm","decl":{"start":{"line":146,"column":0},"end":{"line":null,"column":-1}},"loc":{"start":{"line":146,"column":0},"end":{"line":150,"column":0}}},"5":{"name":"resetForm","decl":{"start":{"line":151,"column":0},"end":{"line":null,"column":-1}},"loc":{"start":{"line":151,"column":0},"end":{"line":155,"column":0}}},"6":{"name":"cancel","decl":{"start":{"line":156,"column":0},"end":{"line":null,"column":-1}},"loc":{"start":{"line":156,"column":0},"end":{"line":158,"column":0}}}},"branchMap":{"0":{"loc":{"start":{"line":136,"column":0},"end":{"line":143,"column":0}},"type":"if","locations":[{"start":{"line":136,"column":0},"end":{"line":143,"column":0}},{"start":{"line":136,"column":0},"end":{"line":143,"column":0}}]},"1":{"loc":{"start":{"line":152,"column":0},"end":{"line":154,"column":0}},"type":"if","locations":[{"start":{"line":152,"column":0},"end":{"line":154,"column":0}},{"start":{"line":152,"column":0},"end":{"line":154,"column":0}}]}},"s":{"0":1,"1":0,"2":0,"3":0,"4":0,"5":0,"6":0,"7":0,"8":0,"9":0,"10":0,"11":0,"12":0,"13":0,"14":0},"f":{"0":1,"1":1,"2":0,"3":0,"4":0,"5":0,"6":0},"b":{"0":[0,0],"1":[0,0]}}
,"/Users/cuimengkai/Downloads/repositories/tzx/src/views/organization/organizaManage/organizaManage.vue": {"path":"/Users/cuimengkai/Downloads/repositories/tzx/src/views/organization/organizaManage/organizaManage.vue","statementMap":{"0":{"start":{"line":15,"column":0},"end":{"line":null,"column":-1}},"1":{"start":{"line":16,"column":0},"end":{"line":null,"column":-1}},"2":{"start":{"line":19,"column":0},"end":{"line":null,"column":-1}},"3":{"start":{"line":26,"column":0},"end":{"line":null,"column":-1}},"4":{"start":{"line":29,"column":0},"end":{"line":null,"column":-1}},"5":{"start":{"line":32,"column":0},"end":{"line":null,"column":-1}},"6":{"start":{"line":35,"column":0},"end":{"line":null,"column":-1}},"7":{"start":{"line":38,"column":0},"end":{"line":null,"column":-1}}},"fnMap":{"0":{"name":"data","decl":{"start":{"line":18,"column":0},"end":{"line":null,"column":-1}},"loc":{"start":{"line":18,"column":0},"end":{"line":23,"column":0}}},"1":{"name":"addfgs","decl":{"start":{"line":25,"column":0},"end":{"line":null,"column":-1}},"loc":{"start":{"line":25,"column":0},"end":{"line":27,"column":0}}},"2":{"name":"addpszx","decl":{"start":{"line":28,"column":0},"end":{"line":null,"column":-1}},"loc":{"start":{"line":28,"column":0},"end":{"line":30,"column":0}}},"3":{"name":"addpmd","decl":{"start":{"line":31,"column":0},"end":{"line":null,"column":-1}},"loc":{"start":{"line":31,"column":0},"end":{"line":33,"column":0}}},"4":{"name":"closeEditCompany","decl":{"start":{"line":34,"column":0},"end":{"line":null,"column":-1}},"loc":{"start":{"line":34,"column":0},"end":{"line":36,"column":0}}},"5":{"name":"closeEditDistribution","decl":{"start":{"line":37,"column":0},"end":{"line":null,"column":-1}},"loc":{"start":{"line":37,"column":0},"end":{"line":39,"column":0}}}},"branchMap":{},"s":{"0":1,"1":1,"2":1,"3":0,"4":0,"5":0,"6":0,"7":0},"f":{"0":1,"1":0,"2":0,"3":0,"4":0,"5":0},"b":{}}
,"/Users/cuimengkai/Downloads/repositories/tzx/src/views/organization/organizaManage/children/company/editCompany.vue": {"path":"/Users/cuimengkai/Downloads/repositories/tzx/src/views/organization/organizaManage/children/company/editCompany.vue","statementMap":{"0":{"start":{"line":47,"column":0},"end":{"line":null,"column":-1}},"1":{"start":{"line":73,"column":0},"end":{"line":null,"column":-1}},"2":{"start":{"line":74,"column":0},"end":{"line":80,"column":0}},"3":{"start":{"line":75,"column":0},"end":{"line":79,"column":0}},"4":{"start":{"line":76,"column":0},"end":{"line":null,"column":-1}},"5":{"start":{"line":78,"column":0},"end":{"line":null,"column":-1}},"6":{"start":{"line":83,"column":0},"end":{"line":null,"column":-1}},"7":{"start":{"line":86,"column":0},"end":{"line":null,"column":-1}}},"fnMap":{"0":{"name":"created","decl":{"start":{"line":43,"column":0},"end":{"line":null,"column":-1}},"loc":{"start":{"line":43,"column":0},"end":{"line":null,"column":-1}}},"1":{"name":"data","decl":{"start":{"line":46,"column":0},"end":{"line":null,"column":-1}},"loc":{"start":{"line":46,"column":0},"end":{"line":71,"column":0}}},"2":{"name":"submitForm","decl":{"start":{"line":73,"column":0},"end":{"line":null,"column":-1}},"loc":{"start":{"line":73,"column":0},"end":{"line":81,"column":0}}},"3":{"name":"(anonymous_5)","decl":{"start":{"line":74,"column":0},"end":{"line":null,"column":-1}},"loc":{"start":{"line":74,"column":0},"end":{"line":80,"column":0}}},"4":{"name":"cancel","decl":{"start":{"line":82,"column":0},"end":{"line":null,"column":-1}},"loc":{"start":{"line":82,"column":0},"end":{"line":84,"column":0}}},"5":{"name":"close","decl":{"start":{"line":85,"column":0},"end":{"line":null,"column":-1}},"loc":{"start":{"line":85,"column":0},"end":{"line":87,"column":0}}}},"branchMap":{"0":{"loc":{"start":{"line":75,"column":0},"end":{"line":79,"column":0}},"type":"if","locations":[{"start":{"line":75,"column":0},"end":{"line":79,"column":0}},{"start":{"line":75,"column":0},"end":{"line":79,"column":0}}]}},"s":{"0":1,"1":0,"2":0,"3":0,"4":0,"5":0,"6":0,"7":0},"f":{"0":1,"1":1,"2":0,"3":0,"4":0,"5":0},"b":{"0":[0,0]}}
,"/Users/cuimengkai/Downloads/repositories/tzx/src/views/organization/organizaManage/children/distribution/editDistribution.vue": {"path":"/Users/cuimengkai/Downloads/repositories/tzx/src/views/organization/organizaManage/children/distribution/editDistribution.vue","statementMap":{"0":{"start":{"line":66,"column":0},"end":{"line":null,"column":-1}},"1":{"start":{"line":97,"column":0},"end":{"line":null,"column":-1}},"2":{"start":{"line":98,"column":0},"end":{"line":104,"column":0}},"3":{"start":{"line":99,"column":0},"end":{"line":103,"column":0}},"4":{"start":{"line":100,"column":0},"end":{"line":null,"column":-1}},"5":{"start":{"line":102,"column":0},"end":{"line":null,"column":-1}},"6":{"start":{"line":107,"column":0},"end":{"line":null,"column":-1}},"7":{"start":{"line":110,"column":0},"end":{"line":null,"column":-1}}},"fnMap":{"0":{"name":"created","decl":{"start":{"line":62,"column":0},"end":{"line":null,"column":-1}},"loc":{"start":{"line":62,"column":0},"end":{"line":null,"column":-1}}},"1":{"name":"data","decl":{"start":{"line":65,"column":0},"end":{"line":null,"column":-1}},"loc":{"start":{"line":65,"column":0},"end":{"line":95,"column":0}}},"2":{"name":"submitForm","decl":{"start":{"line":97,"column":0},"end":{"line":null,"column":-1}},"loc":{"start":{"line":97,"column":0},"end":{"line":105,"column":0}}},"3":{"name":"(anonymous_5)","decl":{"start":{"line":98,"column":0},"end":{"line":null,"column":-1}},"loc":{"start":{"line":98,"column":0},"end":{"line":104,"column":0}}},"4":{"name":"cancel","decl":{"start":{"line":106,"column":0},"end":{"line":null,"column":-1}},"loc":{"start":{"line":106,"column":0},"end":{"line":108,"column":0}}},"5":{"name":"close","decl":{"start":{"line":109,"column":0},"end":{"line":null,"column":-1}},"loc":{"start":{"line":109,"column":0},"end":{"line":111,"column":0}}}},"branchMap":{"0":{"loc":{"start":{"line":99,"column":0},"end":{"line":103,"column":0}},"type":"if","locations":[{"start":{"line":99,"column":0},"end":{"line":103,"column":0}},{"start":{"line":99,"column":0},"end":{"line":103,"column":0}}]}},"s":{"0":1,"1":0,"2":0,"3":0,"4":0,"5":0,"6":0,"7":0},"f":{"0":1,"1":1,"2":0,"3":0,"4":0,"5":0},"b":{"0":[0,0]}}
,"/Users/cuimengkai/Downloads/repositories/tzx/src/views/organization/organizaManage/children/store/editStore.vue": {"path":"/Users/cuimengkai/Downloads/repositories/tzx/src/views/organization/organizaManage/children/store/editStore.vue","statementMap":{"0":{"start":{"line":1,"column":1},"end":{"line":396,"column":4}},"1":{"start":{"line":4,"column":0},"end":{"line":6,"column":3}},"2":{"start":{"line":8,"column":17},"end":{"line":8,"column":64}},"3":{"start":{"line":10,"column":18},"end":{"line":10,"column":52}},"4":{"start":{"line":12,"column":18},"end":{"line":12,"column":69}},"5":{"start":{"line":14,"column":19},"end":{"line":14,"column":54}},"6":{"start":{"line":16,"column":39},"end":{"line":16,"column":93}},"7":{"start":{"line":18,"column":0},"end":{"line":114,"column":2}},"8":{"start":{"line":21,"column":4},"end":{"line":73,"column":6}},"9":{"start":{"line":78,"column":18},"end":{"line":78,"column":22}},"10":{"start":{"line":80,"column":6},"end":{"line":89,"column":9}},"11":{"start":{"line":81,"column":8},"end":{"line":88,"column":9}},"12":{"start":{"line":82,"column":10},"end":{"line":82,"column":31}},"13":{"start":{"line":83,"column":10},"end":{"line":83,"column":61}},"14":{"start":{"line":84,"column":10},"end":{"line":84,"column":48}},"15":{"start":{"line":86,"column":10},"end":{"line":86,"column":40}},"16":{"start":{"line":87,"column":10},"end":{"line":87,"column":23}},"17":{"start":{"line":92,"column":6},"end":{"line":92,"column":32}},"18":{"start":{"line":93,"column":6},"end":{"line":93,"column":31}},"19":{"start":{"line":94,"column":6},"end":{"line":94,"column":43}},"20":{"start":{"line":97,"column":6},"end":{"line":99,"column":7}},"21":{"start":{"line":98,"column":8},"end":{"line":98,"column":43}},"22":{"start":{"line":102,"column":6},"end":{"line":102,"column":43}},"23":{"start":{"line":105,"column":6},"end":{"line":105,"column":26}},"24":{"start":{"line":108,"column":6},"end":{"line":108,"column":25}},"25":{"start":{"line":397,"column":0},"end":{"line":397,"column":70}},"26":{"start":{"line":397,"column":31},"end":{"line":397,"column":70}},"27":{"start":{"line":398,"column":24},"end":{"line":398,"column":100}},"28":{"start":{"line":399,"column":0},"end":{"line":399,"column":15004}},"29":{"start":{"line":399,"column":54},"end":{"line":399,"column":58}},"30":{"start":{"line":399,"column":66},"end":{"line":399,"column":84}},"31":{"start":{"line":399,"column":92},"end":{"line":399,"column":108}},"32":{"start":{"line":399,"column":109},"end":{"line":399,"column":15003}},"33":{"start":{"line":399,"column":719},"end":{"line":399,"column":750}},"34":{"start":{"line":399,"column":980},"end":{"line":399,"column":1011}},"35":{"start":{"line":399,"column":1361},"end":{"line":399,"column":1392}},"36":{"start":{"line":399,"column":1746},"end":{"line":399,"column":1777}},"37":{"start":{"line":399,"column":2127},"end":{"line":399,"column":2158}},"38":{"start":{"line":399,"column":2490},"end":{"line":399,"column":2521}},"39":{"start":{"line":399,"column":2692},"end":{"line":399,"column":2723}},"40":{"start":{"line":399,"column":2945},"end":{"line":399,"column":2974}},"41":{"start":{"line":399,"column":3308},"end":{"line":399,"column":3339}},"42":{"start":{"line":399,"column":3679},"end":{"line":399,"column":3710}},"43":{"start":{"line":399,"column":4234},"end":{"line":399,"column":4265}},"44":{"start":{"line":399,"column":4589},"end":{"line":399,"column":4619}},"45":{"start":{"line":399,"column":4814},"end":{"line":399,"column":4845}},"46":{"start":{"line":399,"column":5041},"end":{"line":399,"column":5072}},"47":{"start":{"line":399,"column":5333},"end":{"line":399,"column":5364}},"48":{"start":{"line":399,"column":5556},"end":{"line":399,"column":5585}},"49":{"start":{"line":399,"column":5779},"end":{"line":399,"column":5810}},"50":{"start":{"line":399,"column":6063},"end":{"line":399,"column":6094}},"51":{"start":{"line":399,"column":6432},"end":{"line":399,"column":6463}},"52":{"start":{"line":399,"column":6779},"end":{"line":399,"column":6810}},"53":{"start":{"line":399,"column":7006},"end":{"line":399,"column":7037}},"54":{"start":{"line":399,"column":7302},"end":{"line":399,"column":7335}},"55":{"start":{"line":399,"column":7534},"end":{"line":399,"column":7566}},"56":{"start":{"line":399,"column":7763},"end":{"line":399,"column":7794}},"57":{"start":{"line":399,"column":7997},"end":{"line":399,"column":8028}},"58":{"start":{"line":399,"column":8540},"end":{"line":399,"column":8569}},"59":{"start":{"line":399,"column":8973},"end":{"line":399,"column":9006}},"60":{"start":{"line":399,"column":9289},"end":{"line":399,"column":9320}},"61":{"start":{"line":399,"column":9573},"end":{"line":399,"column":9605}},"62":{"start":{"line":399,"column":9942},"end":{"line":399,"column":9973}},"63":{"start":{"line":399,"column":10326},"end":{"line":399,"column":10357}},"64":{"start":{"line":399,"column":10553},"end":{"line":399,"column":10584}},"65":{"start":{"line":399,"column":10880},"end":{"line":399,"column":10909}},"66":{"start":{"line":399,"column":11173},"end":{"line":399,"column":11202}},"67":{"start":{"line":399,"column":11399},"end":{"line":399,"column":11409}},"68":{"start":{"line":399,"column":11668},"end":{"line":399,"column":11697}},"69":{"start":{"line":399,"column":11992},"end":{"line":399,"column":12002}},"70":{"start":{"line":399,"column":12148},"end":{"line":399,"column":12158}},"71":{"start":{"line":399,"column":12417},"end":{"line":399,"column":12447}},"72":{"start":{"line":399,"column":12743},"end":{"line":399,"column":12753}},"73":{"start":{"line":399,"column":13026},"end":{"line":399,"column":13063}},"74":{"start":{"line":399,"column":13366},"end":{"line":399,"column":13376}},"75":{"start":{"line":399,"column":13522},"end":{"line":399,"column":13532}},"76":{"start":{"line":399,"column":13694},"end":{"line":399,"column":13725}},"77":{"start":{"line":399,"column":14243},"end":{"line":399,"column":14274}},"78":{"start":{"line":399,"column":14499},"end":{"line":399,"column":14528}},"79":{"start":{"line":399,"column":14732},"end":{"line":399,"column":14744}},"80":{"start":{"line":399,"column":14821},"end":{"line":399,"column":14841}},"81":{"start":{"line":399,"column":14946},"end":{"line":399,"column":14968}},"82":{"start":{"line":400,"column":0},"end":{"line":400,"column":37}}},"fnMap":{"0":{"name":"(anonymous_0)","decl":{"start":{"line":1,"column":2},"end":{"line":1,"column":3}},"loc":{"start":{"line":1,"column":12},"end":{"line":396,"column":1}},"line":1},"1":{"name":"_interopRequireDefault","decl":{"start":{"line":16,"column":9},"end":{"line":16,"column":31}},"loc":{"start":{"line":16,"column":37},"end":{"line":16,"column":95}},"line":16},"2":{"name":"created","decl":{"start":{"line":19,"column":20},"end":{"line":19,"column":27}},"loc":{"start":{"line":19,"column":30},"end":{"line":19,"column":32}},"line":19},"3":{"name":"data","decl":{"start":{"line":20,"column":17},"end":{"line":20,"column":21}},"loc":{"start":{"line":20,"column":24},"end":{"line":74,"column":3}},"line":20},"4":{"name":"submitForm","decl":{"start":{"line":77,"column":25},"end":{"line":77,"column":35}},"loc":{"start":{"line":77,"column":46},"end":{"line":90,"column":5}},"line":77},"5":{"name":"(anonymous_5)","decl":{"start":{"line":80,"column":36},"end":{"line":80,"column":37}},"loc":{"start":{"line":80,"column":53},"end":{"line":89,"column":7}},"line":80},"6":{"name":"sendForm","decl":{"start":{"line":91,"column":23},"end":{"line":91,"column":31}},"loc":{"start":{"line":91,"column":42},"end":{"line":95,"column":5}},"line":91},"7":{"name":"resetForm","decl":{"start":{"line":96,"column":24},"end":{"line":96,"column":33}},"loc":{"start":{"line":96,"column":44},"end":{"line":100,"column":5}},"line":96},"8":{"name":"cancel","decl":{"start":{"line":101,"column":21},"end":{"line":101,"column":27}},"loc":{"start":{"line":101,"column":30},"end":{"line":103,"column":5}},"line":101},"9":{"name":"dtxd","decl":{"start":{"line":104,"column":19},"end":{"line":104,"column":23}},"loc":{"start":{"line":104,"column":26},"end":{"line":106,"column":5}},"line":104},"10":{"name":"uploadimg","decl":{"start":{"line":107,"column":24},"end":{"line":107,"column":33}},"loc":{"start":{"line":107,"column":36},"end":{"line":109,"column":5}},"line":107},"11":{"name":"render","decl":{"start":{"line":399,"column":35},"end":{"line":399,"column":41}},"loc":{"start":{"line":399,"column":45},"end":{"line":399,"column":15004}},"line":399},"12":{"name":"(anonymous_12)","decl":{"start":{"line":399,"column":703},"end":{"line":399,"column":704}},"loc":{"start":{"line":399,"column":718},"end":{"line":399,"column":751}},"line":399},"13":{"name":"(anonymous_13)","decl":{"start":{"line":399,"column":964},"end":{"line":399,"column":965}},"loc":{"start":{"line":399,"column":979},"end":{"line":399,"column":1012}},"line":399},"14":{"name":"(anonymous_14)","decl":{"start":{"line":399,"column":1345},"end":{"line":399,"column":1346}},"loc":{"start":{"line":399,"column":1360},"end":{"line":399,"column":1393}},"line":399},"15":{"name":"(anonymous_15)","decl":{"start":{"line":399,"column":1730},"end":{"line":399,"column":1731}},"loc":{"start":{"line":399,"column":1745},"end":{"line":399,"column":1778}},"line":399},"16":{"name":"(anonymous_16)","decl":{"start":{"line":399,"column":2111},"end":{"line":399,"column":2112}},"loc":{"start":{"line":399,"column":2126},"end":{"line":399,"column":2159}},"line":399},"17":{"name":"(anonymous_17)","decl":{"start":{"line":399,"column":2474},"end":{"line":399,"column":2475}},"loc":{"start":{"line":399,"column":2489},"end":{"line":399,"column":2522}},"line":399},"18":{"name":"(anonymous_18)","decl":{"start":{"line":399,"column":2676},"end":{"line":399,"column":2677}},"loc":{"start":{"line":399,"column":2691},"end":{"line":399,"column":2724}},"line":399},"19":{"name":"(anonymous_19)","decl":{"start":{"line":399,"column":2929},"end":{"line":399,"column":2930}},"loc":{"start":{"line":399,"column":2944},"end":{"line":399,"column":2975}},"line":399},"20":{"name":"(anonymous_20)","decl":{"start":{"line":399,"column":3292},"end":{"line":399,"column":3293}},"loc":{"start":{"line":399,"column":3307},"end":{"line":399,"column":3340}},"line":399},"21":{"name":"(anonymous_21)","decl":{"start":{"line":399,"column":3663},"end":{"line":399,"column":3664}},"loc":{"start":{"line":399,"column":3678},"end":{"line":399,"column":3711}},"line":399},"22":{"name":"(anonymous_22)","decl":{"start":{"line":399,"column":4218},"end":{"line":399,"column":4219}},"loc":{"start":{"line":399,"column":4233},"end":{"line":399,"column":4266}},"line":399},"23":{"name":"(anonymous_23)","decl":{"start":{"line":399,"column":4573},"end":{"line":399,"column":4574}},"loc":{"start":{"line":399,"column":4588},"end":{"line":399,"column":4620}},"line":399},"24":{"name":"(anonymous_24)","decl":{"start":{"line":399,"column":4798},"end":{"line":399,"column":4799}},"loc":{"start":{"line":399,"column":4813},"end":{"line":399,"column":4846}},"line":399},"25":{"name":"(anonymous_25)","decl":{"start":{"line":399,"column":5025},"end":{"line":399,"column":5026}},"loc":{"start":{"line":399,"column":5040},"end":{"line":399,"column":5073}},"line":399},"26":{"name":"(anonymous_26)","decl":{"start":{"line":399,"column":5317},"end":{"line":399,"column":5318}},"loc":{"start":{"line":399,"column":5332},"end":{"line":399,"column":5365}},"line":399},"27":{"name":"(anonymous_27)","decl":{"start":{"line":399,"column":5540},"end":{"line":399,"column":5541}},"loc":{"start":{"line":399,"column":5555},"end":{"line":399,"column":5586}},"line":399},"28":{"name":"(anonymous_28)","decl":{"start":{"line":399,"column":5763},"end":{"line":399,"column":5764}},"loc":{"start":{"line":399,"column":5778},"end":{"line":399,"column":5811}},"line":399},"29":{"name":"(anonymous_29)","decl":{"start":{"line":399,"column":6047},"end":{"line":399,"column":6048}},"loc":{"start":{"line":399,"column":6062},"end":{"line":399,"column":6095}},"line":399},"30":{"name":"(anonymous_30)","decl":{"start":{"line":399,"column":6416},"end":{"line":399,"column":6417}},"loc":{"start":{"line":399,"column":6431},"end":{"line":399,"column":6464}},"line":399},"31":{"name":"(anonymous_31)","decl":{"start":{"line":399,"column":6763},"end":{"line":399,"column":6764}},"loc":{"start":{"line":399,"column":6778},"end":{"line":399,"column":6811}},"line":399},"32":{"name":"(anonymous_32)","decl":{"start":{"line":399,"column":6990},"end":{"line":399,"column":6991}},"loc":{"start":{"line":399,"column":7005},"end":{"line":399,"column":7038}},"line":399},"33":{"name":"(anonymous_33)","decl":{"start":{"line":399,"column":7286},"end":{"line":399,"column":7287}},"loc":{"start":{"line":399,"column":7301},"end":{"line":399,"column":7336}},"line":399},"34":{"name":"(anonymous_34)","decl":{"start":{"line":399,"column":7518},"end":{"line":399,"column":7519}},"loc":{"start":{"line":399,"column":7533},"end":{"line":399,"column":7567}},"line":399},"35":{"name":"(anonymous_35)","decl":{"start":{"line":399,"column":7747},"end":{"line":399,"column":7748}},"loc":{"start":{"line":399,"column":7762},"end":{"line":399,"column":7795}},"line":399},"36":{"name":"(anonymous_36)","decl":{"start":{"line":399,"column":7981},"end":{"line":399,"column":7982}},"loc":{"start":{"line":399,"column":7996},"end":{"line":399,"column":8029}},"line":399},"37":{"name":"(anonymous_37)","decl":{"start":{"line":399,"column":8524},"end":{"line":399,"column":8525}},"loc":{"start":{"line":399,"column":8539},"end":{"line":399,"column":8570}},"line":399},"38":{"name":"(anonymous_38)","decl":{"start":{"line":399,"column":8957},"end":{"line":399,"column":8958}},"loc":{"start":{"line":399,"column":8972},"end":{"line":399,"column":9007}},"line":399},"39":{"name":"(anonymous_39)","decl":{"start":{"line":399,"column":9273},"end":{"line":399,"column":9274}},"loc":{"start":{"line":399,"column":9288},"end":{"line":399,"column":9321}},"line":399},"40":{"name":"(anonymous_40)","decl":{"start":{"line":399,"column":9557},"end":{"line":399,"column":9558}},"loc":{"start":{"line":399,"column":9572},"end":{"line":399,"column":9606}},"line":399},"41":{"name":"(anonymous_41)","decl":{"start":{"line":399,"column":9926},"end":{"line":399,"column":9927}},"loc":{"start":{"line":399,"column":9941},"end":{"line":399,"column":9974}},"line":399},"42":{"name":"(anonymous_42)","decl":{"start":{"line":399,"column":10310},"end":{"line":399,"column":10311}},"loc":{"start":{"line":399,"column":10325},"end":{"line":399,"column":10358}},"line":399},"43":{"name":"(anonymous_43)","decl":{"start":{"line":399,"column":10537},"end":{"line":399,"column":10538}},"loc":{"start":{"line":399,"column":10552},"end":{"line":399,"column":10585}},"line":399},"44":{"name":"(anonymous_44)","decl":{"start":{"line":399,"column":10864},"end":{"line":399,"column":10865}},"loc":{"start":{"line":399,"column":10879},"end":{"line":399,"column":10910}},"line":399},"45":{"name":"(anonymous_45)","decl":{"start":{"line":399,"column":11157},"end":{"line":399,"column":11158}},"loc":{"start":{"line":399,"column":11172},"end":{"line":399,"column":11203}},"line":399},"46":{"name":"(anonymous_46)","decl":{"start":{"line":399,"column":11382},"end":{"line":399,"column":11383}},"loc":{"start":{"line":399,"column":11398},"end":{"line":399,"column":11410}},"line":399},"47":{"name":"(anonymous_47)","decl":{"start":{"line":399,"column":11652},"end":{"line":399,"column":11653}},"loc":{"start":{"line":399,"column":11667},"end":{"line":399,"column":11698}},"line":399},"48":{"name":"(anonymous_48)","decl":{"start":{"line":399,"column":11975},"end":{"line":399,"column":11976}},"loc":{"start":{"line":399,"column":11991},"end":{"line":399,"column":12003}},"line":399},"49":{"name":"(anonymous_49)","decl":{"start":{"line":399,"column":12131},"end":{"line":399,"column":12132}},"loc":{"start":{"line":399,"column":12147},"end":{"line":399,"column":12159}},"line":399},"50":{"name":"(anonymous_50)","decl":{"start":{"line":399,"column":12401},"end":{"line":399,"column":12402}},"loc":{"start":{"line":399,"column":12416},"end":{"line":399,"column":12448}},"line":399},"51":{"name":"(anonymous_51)","decl":{"start":{"line":399,"column":12726},"end":{"line":399,"column":12727}},"loc":{"start":{"line":399,"column":12742},"end":{"line":399,"column":12754}},"line":399},"52":{"name":"(anonymous_52)","decl":{"start":{"line":399,"column":13010},"end":{"line":399,"column":13011}},"loc":{"start":{"line":399,"column":13025},"end":{"line":399,"column":13064}},"line":399},"53":{"name":"(anonymous_53)","decl":{"start":{"line":399,"column":13349},"end":{"line":399,"column":13350}},"loc":{"start":{"line":399,"column":13365},"end":{"line":399,"column":13377}},"line":399},"54":{"name":"(anonymous_54)","decl":{"start":{"line":399,"column":13505},"end":{"line":399,"column":13506}},"loc":{"start":{"line":399,"column":13521},"end":{"line":399,"column":13533}},"line":399},"55":{"name":"(anonymous_55)","decl":{"start":{"line":399,"column":13678},"end":{"line":399,"column":13679}},"loc":{"start":{"line":399,"column":13693},"end":{"line":399,"column":13726}},"line":399},"56":{"name":"(anonymous_56)","decl":{"start":{"line":399,"column":14227},"end":{"line":399,"column":14228}},"loc":{"start":{"line":399,"column":14242},"end":{"line":399,"column":14275}},"line":399},"57":{"name":"(anonymous_57)","decl":{"start":{"line":399,"column":14483},"end":{"line":399,"column":14484}},"loc":{"start":{"line":399,"column":14498},"end":{"line":399,"column":14529}},"line":399},"58":{"name":"(anonymous_58)","decl":{"start":{"line":399,"column":14715},"end":{"line":399,"column":14716}},"loc":{"start":{"line":399,"column":14731},"end":{"line":399,"column":14745}},"line":399},"59":{"name":"(anonymous_59)","decl":{"start":{"line":399,"column":14804},"end":{"line":399,"column":14805}},"loc":{"start":{"line":399,"column":14820},"end":{"line":399,"column":14842}},"line":399},"60":{"name":"(anonymous_60)","decl":{"start":{"line":399,"column":14929},"end":{"line":399,"column":14930}},"loc":{"start":{"line":399,"column":14945},"end":{"line":399,"column":14969}},"line":399}},"branchMap":{"0":{"loc":{"start":{"line":16,"column":46},"end":{"line":16,"column":92}},"type":"cond-expr","locations":[{"start":{"line":16,"column":70},"end":{"line":16,"column":73}},{"start":{"line":16,"column":76},"end":{"line":16,"column":92}}],"line":16},"1":{"loc":{"start":{"line":16,"column":46},"end":{"line":16,"column":67}},"type":"binary-expr","locations":[{"start":{"line":16,"column":46},"end":{"line":16,"column":49}},{"start":{"line":16,"column":53},"end":{"line":16,"column":67}}],"line":16},"2":{"loc":{"start":{"line":81,"column":8},"end":{"line":88,"column":9}},"type":"if","locations":[{"start":{"line":81,"column":8},"end":{"line":88,"column":9}},{"start":{"line":81,"column":8},"end":{"line":88,"column":9}}],"line":81},"3":{"loc":{"start":{"line":97,"column":6},"end":{"line":99,"column":7}},"type":"if","locations":[{"start":{"line":97,"column":6},"end":{"line":99,"column":7}},{"start":{"line":97,"column":6},"end":{"line":99,"column":7}}],"line":97},"4":{"loc":{"start":{"line":397,"column":0},"end":{"line":397,"column":70}},"type":"if","locations":[{"start":{"line":397,"column":0},"end":{"line":397,"column":70}},{"start":{"line":397,"column":0},"end":{"line":397,"column":70}}],"line":397},"5":{"loc":{"start":{"line":398,"column":24},"end":{"line":398,"column":100}},"type":"cond-expr","locations":[{"start":{"line":398,"column":62},"end":{"line":398,"column":84}},{"start":{"line":398,"column":86},"end":{"line":398,"column":100}}],"line":398},"6":{"loc":{"start":{"line":399,"column":92},"end":{"line":399,"column":108}},"type":"binary-expr","locations":[{"start":{"line":399,"column":92},"end":{"line":399,"column":104}},{"start":{"line":399,"column":106},"end":{"line":399,"column":108}}],"line":399}},"s":{"0":0,"1":0,"2":0,"3":0,"4":0,"5":0,"6":0,"7":0,"8":0,"9":0,"10":0,"11":0,"12":0,"13":0,"14":0,"15":0,"16":0,"17":0,"18":0,"19":0,"20":0,"21":0,"22":0,"23":0,"24":0,"25":0,"26":0,"27":0,"28":0,"29":0,"30":0,"31":0,"32":0,"33":0,"34":0,"35":0,"36":0,"37":0,"38":0,"39":0,"40":0,"41":0,"42":0,"43":0,"44":0,"45":0,"46":0,"47":0,"48":0,"49":0,"50":0,"51":0,"52":0,"53":0,"54":0,"55":0,"56":0,"57":0,"58":0,"59":0,"60":0,"61":0,"62":0,"63":0,"64":0,"65":0,"66":0,"67":0,"68":0,"69":0,"70":0,"71":0,"72":0,"73":0,"74":0,"75":0,"76":0,"77":0,"78":0,"79":0,"80":0,"81":0,"82":0},"f":{"0":0,"1":0,"2":0,"3":0,"4":0,"5":0,"6":0,"7":0,"8":0,"9":0,"10":0,"11":0,"12":0,"13":0,"14":0,"15":0,"16":0,"17":0,"18":0,"19":0,"20":0,"21":0,"22":0,"23":0,"24":0,"25":0,"26":0,"27":0,"28":0,"29":0,"30":0,"31":0,"32":0,"33":0,"34":0,"35":0,"36":0,"37":0,"38":0,"39":0,"40":0,"41":0,"42":0,"43":0,"44":0,"45":0,"46":0,"47":0,"48":0,"49":0,"50":0,"51":0,"52":0,"53":0,"54":0,"55":0,"56":0,"57":0,"58":0,"59":0,"60":0},"b":{"0":[0,0],"1":[0,0],"2":[0,0],"3":[0,0],"4":[0,0],"5":[0,0],"6":[0,0]}}
,"/Users/cuimengkai/Downloads/repositories/tzx/src/views/organization/priceManage/priceManage.vue": {"path":"/Users/cuimengkai/Downloads/repositories/tzx/src/views/organization/priceManage/priceManage.vue","statementMap":{"0":{"start":{"line":116,"column":0},"end":{"line":null,"column":-1}},"1":{"start":{"line":122,"column":0},"end":{"line":null,"column":-1}},"2":{"start":{"line":218,"column":0},"end":{"line":null,"column":-1}},"3":{"start":{"line":221,"column":0},"end":{"line":null,"column":-1}},"4":{"start":{"line":224,"column":0},"end":{"line":null,"column":-1}},"5":{"start":{"line":228,"column":0},"end":{"line":null,"column":-1}},"6":{"start":{"line":229,"column":0},"end":{"line":null,"column":-1}},"7":{"start":{"line":233,"column":0},"end":{"line":null,"column":-1}},"8":{"start":{"line":234,"column":0},"end":{"line":null,"column":-1}},"9":{"start":{"line":237,"column":0},"end":{"line":null,"column":-1}},"10":{"start":{"line":238,"column":0},"end":{"line":null,"column":-1}},"11":{"start":{"line":242,"column":0},"end":{"line":null,"column":-1}},"12":{"start":{"line":246,"column":0},"end":{"line":null,"column":-1}},"13":{"start":{"line":249,"column":0},"end":{"line":null,"column":-1}},"14":{"start":{"line":250,"column":0},"end":{"line":256,"column":0}},"15":{"start":{"line":251,"column":0},"end":{"line":253,"column":0}},"16":{"start":{"line":252,"column":0},"end":{"line":null,"column":-1}},"17":{"start":{"line":255,"column":0},"end":{"line":null,"column":-1}},"18":{"start":{"line":259,"column":0},"end":{"line":null,"column":-1}},"19":{"start":{"line":263,"column":0},"end":{"line":null,"column":-1}},"20":{"start":{"line":267,"column":0},"end":{"line":null,"column":-1}}},"fnMap":{"0":{"name":"data","decl":{"start":{"line":121,"column":0},"end":{"line":null,"column":-1}},"loc":{"start":{"line":121,"column":0},"end":{"line":211,"column":0}}},"1":{"name":"handleClick","decl":{"start":{"line":217,"column":0},"end":{"line":null,"column":-1}},"loc":{"start":{"line":217,"column":0},"end":{"line":219,"column":0}}},"2":{"name":"formatter","decl":{"start":{"line":220,"column":0},"end":{"line":null,"column":-1}},"loc":{"start":{"line":220,"column":0},"end":{"line":222,"column":0}}},"3":{"name":"filterTag","decl":{"start":{"line":223,"column":0},"end":{"line":null,"column":-1}},"loc":{"start":{"line":223,"column":0},"end":{"line":225,"column":0}}},"4":{"name":"toSeeList","decl":{"start":{"line":227,"column":0},"end":{"line":null,"column":-1}},"loc":{"start":{"line":227,"column":0},"end":{"line":230,"column":0}}},"5":{"name":"handleSizeChange","decl":{"start":{"line":232,"column":0},"end":{"line":null,"column":-1}},"loc":{"start":{"line":232,"column":0},"end":{"line":235,"column":0}}},"6":{"name":"handleCurrentChange","decl":{"start":{"line":236,"column":0},"end":{"line":null,"column":-1}},"loc":{"start":{"line":236,"column":0},"end":{"line":239,"column":0}}},"7":{"name":"addData","decl":{"start":{"line":241,"column":0},"end":{"line":null,"column":-1}},"loc":{"start":{"line":241,"column":0},"end":{"line":243,"column":0}}},"8":{"name":"closeEditPriceManage","decl":{"start":{"line":245,"column":0},"end":{"line":null,"column":-1}},"loc":{"start":{"line":245,"column":0},"end":{"line":247,"column":0}}},"9":{"name":"toggleSelection","decl":{"start":{"line":249,"column":0},"end":{"line":null,"column":-1}},"loc":{"start":{"line":249,"column":0},"end":{"line":257,"column":0}}},"10":{"name":"(anonymous_12)","decl":{"start":{"line":251,"column":0},"end":{"line":null,"column":-1}},"loc":{"start":{"line":251,"column":0},"end":{"line":253,"column":0}}},"11":{"name":"handleSelectionChange","decl":{"start":{"line":258,"column":0},"end":{"line":null,"column":-1}},"loc":{"start":{"line":258,"column":0},"end":{"line":260,"column":0}}},"12":{"name":"handleClick","decl":{"start":{"line":216,"column":0},"end":{"line":null,"column":-1}},"loc":{"start":{"line":216,"column":0},"end":{"line":264,"column":0}}},"13":{"name":"created","decl":{"start":{"line":266,"column":0},"end":{"line":null,"column":-1}},"loc":{"start":{"line":266,"column":0},"end":{"line":268,"column":0}}}},"branchMap":{"0":{"loc":{"start":{"line":250,"column":0},"end":{"line":256,"column":0}},"type":"if","locations":[{"start":{"line":250,"column":0},"end":{"line":256,"column":0}},{"start":{"line":250,"column":0},"end":{"line":256,"column":0}}]}},"s":{"0":1,"1":1,"2":0,"3":0,"4":0,"5":0,"6":0,"7":0,"8":0,"9":0,"10":0,"11":0,"12":0,"13":0,"14":0,"15":0,"16":0,"17":0,"18":0,"19":0,"20":1},"f":{"0":1,"1":0,"2":0,"3":0,"4":0,"5":0,"6":0,"7":0,"8":0,"9":0,"10":0,"11":0,"12":0,"13":1},"b":{"0":[0,0]}}
,"/Users/cuimengkai/Downloads/repositories/tzx/src/views/organization/priceManage/children/editPriceManage.vue": {"path":"/Users/cuimengkai/Downloads/repositories/tzx/src/views/organization/priceManage/children/editPriceManage.vue","statementMap":{"0":{"start":{"line":39,"column":0},"end":{"line":null,"column":-1}},"1":{"start":{"line":58,"column":0},"end":{"line":null,"column":-1}},"2":{"start":{"line":59,"column":0},"end":{"line":65,"column":0}},"3":{"start":{"line":60,"column":0},"end":{"line":64,"column":0}},"4":{"start":{"line":61,"column":0},"end":{"line":null,"column":-1}},"5":{"start":{"line":63,"column":0},"end":{"line":null,"column":-1}},"6":{"start":{"line":68,"column":0},"end":{"line":null,"column":-1}},"7":{"start":{"line":71,"column":0},"end":{"line":null,"column":-1}}},"fnMap":{"0":{"name":"created","decl":{"start":{"line":37,"column":0},"end":{"line":null,"column":-1}},"loc":{"start":{"line":37,"column":0},"end":{"line":null,"column":-1}}},"1":{"name":"data","decl":{"start":{"line":38,"column":0},"end":{"line":null,"column":-1}},"loc":{"start":{"line":38,"column":0},"end":{"line":56,"column":0}}},"2":{"name":"submitForm","decl":{"start":{"line":58,"column":0},"end":{"line":null,"column":-1}},"loc":{"start":{"line":58,"column":0},"end":{"line":66,"column":0}}},"3":{"name":"(anonymous_5)","decl":{"start":{"line":59,"column":0},"end":{"line":null,"column":-1}},"loc":{"start":{"line":59,"column":0},"end":{"line":65,"column":0}}},"4":{"name":"cancel","decl":{"start":{"line":67,"column":0},"end":{"line":null,"column":-1}},"loc":{"start":{"line":67,"column":0},"end":{"line":69,"column":0}}},"5":{"name":"close","decl":{"start":{"line":70,"column":0},"end":{"line":null,"column":-1}},"loc":{"start":{"line":70,"column":0},"end":{"line":72,"column":0}}}},"branchMap":{"0":{"loc":{"start":{"line":60,"column":0},"end":{"line":64,"column":0}},"type":"if","locations":[{"start":{"line":60,"column":0},"end":{"line":64,"column":0}},{"start":{"line":60,"column":0},"end":{"line":64,"column":0}}]}},"s":{"0":1,"1":0,"2":0,"3":0,"4":0,"5":0,"6":0,"7":0},"f":{"0":1,"1":1,"2":0,"3":0,"4":0,"5":0},"b":{"0":[0,0]}}
,"/Users/cuimengkai/Downloads/repositories/tzx/src/views/permission/personManage/personManage.vue": {"path":"/Users/cuimengkai/Downloads/repositories/tzx/src/views/permission/personManage/personManage.vue","statementMap":{"0":{"start":{"line":14,"column":0},"end":{"line":null,"column":-1}}},"fnMap":{"0":{"name":"addData","decl":{"start":{"line":13,"column":0},"end":{"line":null,"column":-1}},"loc":{"start":{"line":13,"column":0},"end":{"line":15,"column":0}}}},"branchMap":{},"s":{"0":0},"f":{"0":0},"b":{}}
,"/Users/cuimengkai/Downloads/repositories/tzx/src/views/permission/personManage/children/editPersonManage.vue": {"path":"/Users/cuimengkai/Downloads/repositories/tzx/src/views/permission/personManage/children/editPersonManage.vue","statementMap":{"0":{"start":{"line":88,"column":0},"end":{"line":null,"column":-1}},"1":{"start":{"line":129,"column":0},"end":{"line":null,"column":-1}},"2":{"start":{"line":130,"column":0},"end":{"line":139,"column":0}},"3":{"start":{"line":131,"column":0},"end":{"line":138,"column":0}},"4":{"start":{"line":132,"column":0},"end":{"line":null,"column":-1}},"5":{"start":{"line":133,"column":0},"end":{"line":null,"column":-1}},"6":{"start":{"line":134,"column":0},"end":{"line":null,"column":-1}},"7":{"start":{"line":136,"column":0},"end":{"line":null,"column":-1}},"8":{"start":{"line":137,"column":0},"end":{"line":null,"column":-1}},"9":{"start":{"line":142,"column":0},"end":{"line":null,"column":-1}},"10":{"start":{"line":143,"column":0},"end":{"line":null,"column":-1}},"11":{"start":{"line":144,"column":0},"end":{"line":null,"column":-1}},"12":{"start":{"line":147,"column":0},"end":{"line":149,"column":0}},"13":{"start":{"line":148,"column":0},"end":{"line":null,"column":-1}},"14":{"start":{"line":152,"column":0},"end":{"line":null,"column":-1}}},"fnMap":{"0":{"name":"created","decl":{"start":{"line":86,"column":0},"end":{"line":null,"column":-1}},"loc":{"start":{"line":86,"column":0},"end":{"line":null,"column":-1}}},"1":{"name":"data","decl":{"start":{"line":87,"column":0},"end":{"line":null,"column":-1}},"loc":{"start":{"line":87,"column":0},"end":{"line":127,"column":0}}},"2":{"name":"submitForm","decl":{"start":{"line":129,"column":0},"end":{"line":null,"column":-1}},"loc":{"start":{"line":129,"column":0},"end":{"line":140,"column":0}}},"3":{"name":"(anonymous_5)","decl":{"start":{"line":130,"column":0},"end":{"line":null,"column":-1}},"loc":{"start":{"line":130,"column":0},"end":{"line":139,"column":0}}},"4":{"name":"sendForm","decl":{"start":{"line":141,"column":0},"end":{"line":null,"column":-1}},"loc":{"start":{"line":141,"column":0},"end":{"line":145,"column":0}}},"5":{"name":"resetForm","decl":{"start":{"line":146,"column":0},"end":{"line":null,"column":-1}},"loc":{"start":{"line":146,"column":0},"end":{"line":150,"column":0}}},"6":{"name":"cancel","decl":{"start":{"line":151,"column":0},"end":{"line":null,"column":-1}},"loc":{"start":{"line":151,"column":0},"end":{"line":153,"column":0}}}},"branchMap":{"0":{"loc":{"start":{"line":131,"column":0},"end":{"line":138,"column":0}},"type":"if","locations":[{"start":{"line":131,"column":0},"end":{"line":138,"column":0}},{"start":{"line":131,"column":0},"end":{"line":138,"column":0}}]},"1":{"loc":{"start":{"line":147,"column":0},"end":{"line":149,"column":0}},"type":"if","locations":[{"start":{"line":147,"column":0},"end":{"line":149,"column":0}},{"start":{"line":147,"column":0},"end":{"line":149,"column":0}}]}},"s":{"0":1,"1":0,"2":0,"3":0,"4":0,"5":0,"6":0,"7":0,"8":0,"9":0,"10":0,"11":0,"12":0,"13":0,"14":0},"f":{"0":1,"1":1,"2":0,"3":0,"4":0,"5":0,"6":0},"b":{"0":[0,0],"1":[0,0]}}
,"/Users/cuimengkai/Downloads/repositories/tzx/src/views/permission/roleManage/roleManage.vue": {"path":"/Users/cuimengkai/Downloads/repositories/tzx/src/views/permission/roleManage/roleManage.vue","statementMap":{"0":{"start":{"line":12,"column":0},"end":{"line":null,"column":-1}},"1":{"start":{"line":15,"column":0},"end":{"line":null,"column":-1}},"2":{"start":{"line":21,"column":0},"end":{"line":null,"column":-1}},"3":{"start":{"line":24,"column":0},"end":{"line":null,"column":-1}}},"fnMap":{"0":{"name":"data","decl":{"start":{"line":14,"column":0},"end":{"line":null,"column":-1}},"loc":{"start":{"line":14,"column":0},"end":{"line":18,"column":0}}},"1":{"name":"addData","decl":{"start":{"line":20,"column":0},"end":{"line":null,"column":-1}},"loc":{"start":{"line":20,"column":0},"end":{"line":22,"column":0}}},"2":{"name":"closeEditRoleManage","decl":{"start":{"line":23,"column":0},"end":{"line":null,"column":-1}},"loc":{"start":{"line":23,"column":0},"end":{"line":25,"column":0}}}},"branchMap":{},"s":{"0":1,"1":1,"2":0,"3":0},"f":{"0":1,"1":0,"2":0},"b":{}}
,"/Users/cuimengkai/Downloads/repositories/tzx/src/views/permission/roleManage/children/editRoleManage.vue": {"path":"/Users/cuimengkai/Downloads/repositories/tzx/src/views/permission/roleManage/children/editRoleManage.vue","statementMap":{"0":{"start":{"line":41,"column":0},"end":{"line":null,"column":-1}},"1":{"start":{"line":61,"column":0},"end":{"line":null,"column":-1}},"2":{"start":{"line":62,"column":0},"end":{"line":68,"column":0}},"3":{"start":{"line":63,"column":0},"end":{"line":67,"column":0}},"4":{"start":{"line":64,"column":0},"end":{"line":null,"column":-1}},"5":{"start":{"line":66,"column":0},"end":{"line":null,"column":-1}},"6":{"start":{"line":71,"column":0},"end":{"line":null,"column":-1}},"7":{"start":{"line":74,"column":0},"end":{"line":null,"column":-1}}},"fnMap":{"0":{"name":"created","decl":{"start":{"line":37,"column":0},"end":{"line":null,"column":-1}},"loc":{"start":{"line":37,"column":0},"end":{"line":null,"column":-1}}},"1":{"name":"data","decl":{"start":{"line":40,"column":0},"end":{"line":null,"column":-1}},"loc":{"start":{"line":40,"column":0},"end":{"line":59,"column":0}}},"2":{"name":"submitForm","decl":{"start":{"line":61,"column":0},"end":{"line":null,"column":-1}},"loc":{"start":{"line":61,"column":0},"end":{"line":69,"column":0}}},"3":{"name":"(anonymous_5)","decl":{"start":{"line":62,"column":0},"end":{"line":null,"column":-1}},"loc":{"start":{"line":62,"column":0},"end":{"line":68,"column":0}}},"4":{"name":"cancel","decl":{"start":{"line":70,"column":0},"end":{"line":null,"column":-1}},"loc":{"start":{"line":70,"column":0},"end":{"line":72,"column":0}}},"5":{"name":"close","decl":{"start":{"line":73,"column":0},"end":{"line":null,"column":-1}},"loc":{"start":{"line":73,"column":0},"end":{"line":75,"column":0}}}},"branchMap":{"0":{"loc":{"start":{"line":63,"column":0},"end":{"line":67,"column":0}},"type":"if","locations":[{"start":{"line":63,"column":0},"end":{"line":67,"column":0}},{"start":{"line":63,"column":0},"end":{"line":67,"column":0}}]}},"s":{"0":1,"1":0,"2":0,"3":0,"4":0,"5":0,"6":0,"7":0},"f":{"0":1,"1":1,"2":0,"3":0,"4":0,"5":0},"b":{"0":[0,0]}}
,"/Users/cuimengkai/Downloads/repositories/tzx/src/views/systemSetting/advancedSetting/storeSetting/storeSetting.vue": {"path":"/Users/cuimengkai/Downloads/repositories/tzx/src/views/systemSetting/advancedSetting/storeSetting/storeSetting.vue","statementMap":{"0":{"start":{"line":12,"column":0},"end":{"line":null,"column":-1}},"1":{"start":{"line":15,"column":0},"end":{"line":null,"column":-1}},"2":{"start":{"line":21,"column":0},"end":{"line":null,"column":-1}},"3":{"start":{"line":24,"column":0},"end":{"line":null,"column":-1}}},"fnMap":{"0":{"name":"data","decl":{"start":{"line":14,"column":0},"end":{"line":null,"column":-1}},"loc":{"start":{"line":14,"column":0},"end":{"line":18,"column":0}}},"1":{"name":"addData","decl":{"start":{"line":20,"column":0},"end":{"line":null,"column":-1}},"loc":{"start":{"line":20,"column":0},"end":{"line":22,"column":0}}},"2":{"name":"closeEditStoreSetting","decl":{"start":{"line":23,"column":0},"end":{"line":null,"column":-1}},"loc":{"start":{"line":23,"column":0},"end":{"line":25,"column":0}}}},"branchMap":{},"s":{"0":1,"1":1,"2":0,"3":0},"f":{"0":1,"1":0,"2":0},"b":{}}
,"/Users/cuimengkai/Downloads/repositories/tzx/src/views/systemSetting/advancedSetting/storeSetting/children/editStoreSetting.vue": {"path":"/Users/cuimengkai/Downloads/repositories/tzx/src/views/systemSetting/advancedSetting/storeSetting/children/editStoreSetting.vue","statementMap":{"0":{"start":{"line":38,"column":0},"end":{"line":null,"column":-1}},"1":{"start":{"line":58,"column":0},"end":{"line":null,"column":-1}},"2":{"start":{"line":59,"column":0},"end":{"line":65,"column":0}},"3":{"start":{"line":60,"column":0},"end":{"line":64,"column":0}},"4":{"start":{"line":61,"column":0},"end":{"line":null,"column":-1}},"5":{"start":{"line":63,"column":0},"end":{"line":null,"column":-1}},"6":{"start":{"line":68,"column":0},"end":{"line":null,"column":-1}},"7":{"start":{"line":71,"column":0},"end":{"line":null,"column":-1}}},"fnMap":{"0":{"name":"created","decl":{"start":{"line":34,"column":0},"end":{"line":null,"column":-1}},"loc":{"start":{"line":34,"column":0},"end":{"line":null,"column":-1}}},"1":{"name":"data","decl":{"start":{"line":37,"column":0},"end":{"line":null,"column":-1}},"loc":{"start":{"line":37,"column":0},"end":{"line":56,"column":0}}},"2":{"name":"submitForm","decl":{"start":{"line":58,"column":0},"end":{"line":null,"column":-1}},"loc":{"start":{"line":58,"column":0},"end":{"line":66,"column":0}}},"3":{"name":"(anonymous_5)","decl":{"start":{"line":59,"column":0},"end":{"line":null,"column":-1}},"loc":{"start":{"line":59,"column":0},"end":{"line":65,"column":0}}},"4":{"name":"cancel","decl":{"start":{"line":67,"column":0},"end":{"line":null,"column":-1}},"loc":{"start":{"line":67,"column":0},"end":{"line":69,"column":0}}},"5":{"name":"close","decl":{"start":{"line":70,"column":0},"end":{"line":null,"column":-1}},"loc":{"start":{"line":70,"column":0},"end":{"line":72,"column":0}}}},"branchMap":{"0":{"loc":{"start":{"line":60,"column":0},"end":{"line":64,"column":0}},"type":"if","locations":[{"start":{"line":60,"column":0},"end":{"line":64,"column":0}},{"start":{"line":60,"column":0},"end":{"line":64,"column":0}}]}},"s":{"0":1,"1":0,"2":0,"3":0,"4":0,"5":0,"6":0,"7":0},"f":{"0":1,"1":1,"2":0,"3":0,"4":0,"5":0},"b":{"0":[0,0]}}
,"/Users/cuimengkai/Downloads/repositories/tzx/src/views/systemSetting/cuisineMaint/cuisineMaint.vue": {"path":"/Users/cuimengkai/Downloads/repositories/tzx/src/views/systemSetting/cuisineMaint/cuisineMaint.vue","statementMap":{"0":{"start":{"line":12,"column":0},"end":{"line":null,"column":-1}},"1":{"start":{"line":15,"column":0},"end":{"line":null,"column":-1}},"2":{"start":{"line":21,"column":0},"end":{"line":null,"column":-1}},"3":{"start":{"line":24,"column":0},"end":{"line":null,"column":-1}}},"fnMap":{"0":{"name":"data","decl":{"start":{"line":14,"column":0},"end":{"line":null,"column":-1}},"loc":{"start":{"line":14,"column":0},"end":{"line":18,"column":0}}},"1":{"name":"addData","decl":{"start":{"line":20,"column":0},"end":{"line":null,"column":-1}},"loc":{"start":{"line":20,"column":0},"end":{"line":22,"column":0}}},"2":{"name":"closeEditCuisineMaint","decl":{"start":{"line":23,"column":0},"end":{"line":null,"column":-1}},"loc":{"start":{"line":23,"column":0},"end":{"line":25,"column":0}}}},"branchMap":{},"s":{"0":1,"1":1,"2":0,"3":0},"f":{"0":1,"1":0,"2":0},"b":{}}
,"/Users/cuimengkai/Downloads/repositories/tzx/src/views/systemSetting/cuisineMaint/children/editCuisineMaint.vue": {"path":"/Users/cuimengkai/Downloads/repositories/tzx/src/views/systemSetting/cuisineMaint/children/editCuisineMaint.vue","statementMap":{"0":{"start":{"line":36,"column":0},"end":{"line":null,"column":-1}},"1":{"start":{"line":55,"column":0},"end":{"line":null,"column":-1}},"2":{"start":{"line":56,"column":0},"end":{"line":62,"column":0}},"3":{"start":{"line":57,"column":0},"end":{"line":61,"column":0}},"4":{"start":{"line":58,"column":0},"end":{"line":null,"column":-1}},"5":{"start":{"line":60,"column":0},"end":{"line":null,"column":-1}},"6":{"start":{"line":65,"column":0},"end":{"line":null,"column":-1}},"7":{"start":{"line":68,"column":0},"end":{"line":null,"column":-1}}},"fnMap":{"0":{"name":"created","decl":{"start":{"line":34,"column":0},"end":{"line":null,"column":-1}},"loc":{"start":{"line":34,"column":0},"end":{"line":null,"column":-1}}},"1":{"name":"data","decl":{"start":{"line":35,"column":0},"end":{"line":null,"column":-1}},"loc":{"start":{"line":35,"column":0},"end":{"line":53,"column":0}}},"2":{"name":"submitForm","decl":{"start":{"line":55,"column":0},"end":{"line":null,"column":-1}},"loc":{"start":{"line":55,"column":0},"end":{"line":63,"column":0}}},"3":{"name":"(anonymous_5)","decl":{"start":{"line":56,"column":0},"end":{"line":null,"column":-1}},"loc":{"start":{"line":56,"column":0},"end":{"line":62,"column":0}}},"4":{"name":"cancel","decl":{"start":{"line":64,"column":0},"end":{"line":null,"column":-1}},"loc":{"start":{"line":64,"column":0},"end":{"line":66,"column":0}}},"5":{"name":"close","decl":{"start":{"line":67,"column":0},"end":{"line":null,"column":-1}},"loc":{"start":{"line":67,"column":0},"end":{"line":69,"column":0}}}},"branchMap":{"0":{"loc":{"start":{"line":57,"column":0},"end":{"line":61,"column":0}},"type":"if","locations":[{"start":{"line":57,"column":0},"end":{"line":61,"column":0}},{"start":{"line":57,"column":0},"end":{"line":61,"column":0}}]}},"s":{"0":1,"1":0,"2":0,"3":0,"4":0,"5":0,"6":0,"7":0},"f":{"0":1,"1":1,"2":0,"3":0,"4":0,"5":0},"b":{"0":[0,0]}}
,"/Users/cuimengkai/Downloads/repositories/tzx/src/views/systemSetting/personPosition/personPosition.vue": {"path":"/Users/cuimengkai/Downloads/repositories/tzx/src/views/systemSetting/personPosition/personPosition.vue","statementMap":{"0":{"start":{"line":12,"column":0},"end":{"line":null,"column":-1}},"1":{"start":{"line":15,"column":0},"end":{"line":null,"column":-1}},"2":{"start":{"line":21,"column":0},"end":{"line":null,"column":-1}},"3":{"start":{"line":24,"column":0},"end":{"line":null,"column":-1}}},"fnMap":{"0":{"name":"data","decl":{"start":{"line":14,"column":0},"end":{"line":null,"column":-1}},"loc":{"start":{"line":14,"column":0},"end":{"line":18,"column":0}}},"1":{"name":"addData","decl":{"start":{"line":20,"column":0},"end":{"line":null,"column":-1}},"loc":{"start":{"line":20,"column":0},"end":{"line":22,"column":0}}},"2":{"name":"closeEditPersonPosition","decl":{"start":{"line":23,"column":0},"end":{"line":null,"column":-1}},"loc":{"start":{"line":23,"column":0},"end":{"line":25,"column":0}}}},"branchMap":{},"s":{"0":1,"1":1,"2":0,"3":0},"f":{"0":1,"1":0,"2":0},"b":{}}
,"/Users/cuimengkai/Downloads/repositories/tzx/src/views/systemSetting/personPosition/children/editPersonPosition.vue": {"path":"/Users/cuimengkai/Downloads/repositories/tzx/src/views/systemSetting/personPosition/children/editPersonPosition.vue","statementMap":{"0":{"start":{"line":36,"column":0},"end":{"line":null,"column":-1}},"1":{"start":{"line":55,"column":0},"end":{"line":null,"column":-1}},"2":{"start":{"line":56,"column":0},"end":{"line":62,"column":0}},"3":{"start":{"line":57,"column":0},"end":{"line":61,"column":0}},"4":{"start":{"line":58,"column":0},"end":{"line":null,"column":-1}},"5":{"start":{"line":60,"column":0},"end":{"line":null,"column":-1}},"6":{"start":{"line":65,"column":0},"end":{"line":null,"column":-1}},"7":{"start":{"line":68,"column":0},"end":{"line":null,"column":-1}}},"fnMap":{"0":{"name":"created","decl":{"start":{"line":34,"column":0},"end":{"line":null,"column":-1}},"loc":{"start":{"line":34,"column":0},"end":{"line":null,"column":-1}}},"1":{"name":"data","decl":{"start":{"line":35,"column":0},"end":{"line":null,"column":-1}},"loc":{"start":{"line":35,"column":0},"end":{"line":53,"column":0}}},"2":{"name":"submitForm","decl":{"start":{"line":55,"column":0},"end":{"line":null,"column":-1}},"loc":{"start":{"line":55,"column":0},"end":{"line":63,"column":0}}},"3":{"name":"(anonymous_5)","decl":{"start":{"line":56,"column":0},"end":{"line":null,"column":-1}},"loc":{"start":{"line":56,"column":0},"end":{"line":62,"column":0}}},"4":{"name":"cancel","decl":{"start":{"line":64,"column":0},"end":{"line":null,"column":-1}},"loc":{"start":{"line":64,"column":0},"end":{"line":66,"column":0}}},"5":{"name":"close","decl":{"start":{"line":67,"column":0},"end":{"line":null,"column":-1}},"loc":{"start":{"line":67,"column":0},"end":{"line":69,"column":0}}}},"branchMap":{"0":{"loc":{"start":{"line":57,"column":0},"end":{"line":61,"column":0}},"type":"if","locations":[{"start":{"line":57,"column":0},"end":{"line":61,"column":0}},{"start":{"line":57,"column":0},"end":{"line":61,"column":0}}]}},"s":{"0":1,"1":0,"2":0,"3":0,"4":0,"5":0,"6":0,"7":0},"f":{"0":1,"1":1,"2":0,"3":0,"4":0,"5":0},"b":{"0":[0,0]}}
,"/Users/cuimengkai/Downloads/repositories/tzx/src/views/systemSetting/systemNotice/systemNotice.vue": {"path":"/Users/cuimengkai/Downloads/repositories/tzx/src/views/systemSetting/systemNotice/systemNotice.vue","statementMap":{"0":{"start":{"line":14,"column":0},"end":{"line":null,"column":-1}}},"fnMap":{"0":{"name":"addData","decl":{"start":{"line":13,"column":0},"end":{"line":null,"column":-1}},"loc":{"start":{"line":13,"column":0},"end":{"line":15,"column":0}}}},"branchMap":{},"s":{"0":0},"f":{"0":0},"b":{}}
,"/Users/cuimengkai/Downloads/repositories/tzx/src/views/systemSetting/systemNotice/children/editSystemNotice.vue": {"path":"/Users/cuimengkai/Downloads/repositories/tzx/src/views/systemSetting/systemNotice/children/editSystemNotice.vue","statementMap":{"0":{"start":{"line":71,"column":0},"end":{"line":null,"column":-1}},"1":{"start":{"line":103,"column":0},"end":{"line":null,"column":-1}},"2":{"start":{"line":104,"column":0},"end":{"line":113,"column":0}},"3":{"start":{"line":105,"column":0},"end":{"line":112,"column":0}},"4":{"start":{"line":106,"column":0},"end":{"line":null,"column":-1}},"5":{"start":{"line":107,"column":0},"end":{"line":null,"column":-1}},"6":{"start":{"line":108,"column":0},"end":{"line":null,"column":-1}},"7":{"start":{"line":110,"column":0},"end":{"line":null,"column":-1}},"8":{"start":{"line":111,"column":0},"end":{"line":null,"column":-1}},"9":{"start":{"line":116,"column":0},"end":{"line":null,"column":-1}},"10":{"start":{"line":117,"column":0},"end":{"line":null,"column":-1}},"11":{"start":{"line":118,"column":0},"end":{"line":null,"column":-1}},"12":{"start":{"line":121,"column":0},"end":{"line":123,"column":0}},"13":{"start":{"line":122,"column":0},"end":{"line":null,"column":-1}},"14":{"start":{"line":126,"column":0},"end":{"line":null,"column":-1}}},"fnMap":{"0":{"name":"created","decl":{"start":{"line":69,"column":0},"end":{"line":null,"column":-1}},"loc":{"start":{"line":69,"column":0},"end":{"line":null,"column":-1}}},"1":{"name":"data","decl":{"start":{"line":70,"column":0},"end":{"line":null,"column":-1}},"loc":{"start":{"line":70,"column":0},"end":{"line":101,"column":0}}},"2":{"name":"submitForm","decl":{"start":{"line":103,"column":0},"end":{"line":null,"column":-1}},"loc":{"start":{"line":103,"column":0},"end":{"line":114,"column":0}}},"3":{"name":"(anonymous_5)","decl":{"start":{"line":104,"column":0},"end":{"line":null,"column":-1}},"loc":{"start":{"line":104,"column":0},"end":{"line":113,"column":0}}},"4":{"name":"sendForm","decl":{"start":{"line":115,"column":0},"end":{"line":null,"column":-1}},"loc":{"start":{"line":115,"column":0},"end":{"line":119,"column":0}}},"5":{"name":"resetForm","decl":{"start":{"line":120,"column":0},"end":{"line":null,"column":-1}},"loc":{"start":{"line":120,"column":0},"end":{"line":124,"column":0}}},"6":{"name":"cancel","decl":{"start":{"line":125,"column":0},"end":{"line":null,"column":-1}},"loc":{"start":{"line":125,"column":0},"end":{"line":127,"column":0}}}},"branchMap":{"0":{"loc":{"start":{"line":105,"column":0},"end":{"line":112,"column":0}},"type":"if","locations":[{"start":{"line":105,"column":0},"end":{"line":112,"column":0}},{"start":{"line":105,"column":0},"end":{"line":112,"column":0}}]},"1":{"loc":{"start":{"line":121,"column":0},"end":{"line":123,"column":0}},"type":"if","locations":[{"start":{"line":121,"column":0},"end":{"line":123,"column":0}},{"start":{"line":121,"column":0},"end":{"line":123,"column":0}}]}},"s":{"0":1,"1":0,"2":0,"3":0,"4":0,"5":0,"6":0,"7":0,"8":0,"9":0,"10":0,"11":0,"12":0,"13":0,"14":0},"f":{"0":1,"1":1,"2":0,"3":0,"4":0,"5":0,"6":0},"b":{"0":[0,0],"1":[0,0]}}
}
