TN:
SF:/Users/cuimengkai/Downloads/repositories/tzx/src/components/fullscreen.vue
FN:19,showFullScreenBtn
FN:24,handleFullscreen
FN:48,handleChange
FN:52,created
FN:55,(anonymous_5)
FN:59,(anonymous_6)
FN:63,(anonymous_7)
FN:67,(anonymous_8)
FNF:8
FNH:2
FNDA:1,showFullScreenBtn
FNDA:0,handleFullscreen
FNDA:0,handleChange
FNDA:1,created
FNDA:0,(anonymous_5)
FNDA:0,(anonymous_6)
FNDA:0,(anonymous_7)
FNDA:0,(anonymous_8)
DA:20,1
DA:25,0
DA:26,0
DA:27,0
DA:28,0
DA:29,0
DA:30,0
DA:31,0
DA:32,0
DA:33,0
DA:34,0
DA:37,0
DA:38,0
DA:39,0
DA:40,0
DA:41,0
DA:42,0
DA:43,0
DA:44,0
DA:49,0
DA:52,1
DA:53,1
DA:54,1
DA:55,1
DA:56,0
DA:57,0
DA:59,1
DA:60,0
DA:61,0
DA:63,1
DA:64,0
DA:65,0
DA:67,1
DA:68,0
DA:69,0
DA:71,1
LF:36
LH:9
BRDA:26,0,0,0
BRDA:26,0,1,0
BRDA:27,1,0,0
BRDA:27,1,1,0
BRDA:29,2,0,0
BRDA:29,2,1,0
BRDA:31,3,0,0
BRDA:31,3,1,0
BRDA:33,4,0,0
BRDA:33,4,1,0
BRDA:37,5,0,0
BRDA:37,5,1,0
BRDA:39,6,0,0
BRDA:39,6,1,0
BRDA:41,7,0,0
BRDA:41,7,1,0
BRDA:43,8,0,0
BRDA:43,8,1,0
BRDA:53,9,0,1
BRDA:53,9,1,1
BRDA:53,9,2,1
BRDA:53,9,3,1
BRDA:53,9,4,1
BRDA:53,9,5,1
BRF:24
BRH:6
end_of_record
TN:
SF:/Users/cuimengkai/Downloads/repositories/tzx/src/components/saasHeader.vue
FN:68,data
FNF:1
FNH:1
FNDA:1,data
DA:65,1
DA:69,1
LF:2
LH:2
BRF:0
BRH:0
end_of_record
TN:
SF:/Users/cuimengkai/Downloads/repositories/tzx/src/components/saasNav.vue
FN:49,created
FN:51,data
FN:253,toLink
FNF:3
FNH:2
FNDA:1,created
FNDA:1,data
FNDA:0,toLink
DA:52,1
DA:254,0
DA:255,0
DA:256,0
LF:4
LH:1
BRF:0
BRH:0
end_of_record
TN:
SF:/Users/cuimengkai/Downloads/repositories/tzx/src/components/saasTabBar.vue
FN:36,getStyle
FN:44,created
FN:47,data
FN:55,removeTab
FN:59,changeActiveTab
FN:62,handleCommand
FN:67,(anonymous_8)
FN:82,getNavTabs
FN:85,(anonymous_10)
FN:96,activeTabValue
FN:97,(anonymous_12)
FNF:11
FNH:3
FNDA:0,getStyle
FNDA:1,created
FNDA:1,data
FNDA:0,removeTab
FNDA:0,changeActiveTab
FNDA:0,handleCommand
FNDA:0,(anonymous_8)
FNDA:2,getNavTabs
FNDA:0,(anonymous_10)
FNDA:0,activeTabValue
FNDA:0,(anonymous_12)
DA:35,1
DA:37,0
DA:38,0
DA:40,0
DA:45,1
DA:48,1
DA:56,0
DA:57,0
DA:60,0
DA:62,0
DA:63,0
DA:64,0
DA:66,0
DA:67,0
DA:68,0
DA:70,0
DA:71,0
DA:72,0
DA:74,0
DA:75,0
DA:76,0
DA:77,0
DA:83,2
DA:84,2
DA:85,0
DA:86,0
DA:87,0
DA:90,0
DA:91,0
DA:97,0
DA:98,0
DA:100,0
DA:101,0
DA:103,0
LF:34
LH:5
BRDA:37,0,0,0
BRDA:37,0,1,0
BRDA:63,1,0,0
BRDA:63,1,1,0
BRDA:66,2,0,0
BRDA:66,2,1,0
BRDA:70,3,0,0
BRDA:70,3,1,0
BRDA:74,4,0,0
BRDA:74,4,1,0
BRDA:76,5,0,0
BRDA:76,5,1,0
BRDA:86,6,0,0
BRDA:86,6,1,0
BRDA:100,7,0,0
BRDA:100,7,1,0
BRF:16
BRH:0
end_of_record
TN:
SF:/Users/cuimengkai/Downloads/repositories/tzx/src/views/home/index.vue
FN:9,data
FNF:1
FNH:1
FNDA:1,data
DA:10,1
LF:1
LH:1
BRF:0
BRH:0
end_of_record
TN:
SF:/Users/cuimengkai/Downloads/repositories/tzx/src/views/organization/brandManage/brandManage.vue
FN:15,data
FN:21,addData
FN:24,closeEditBrandManage
FNF:3
FNH:1
FNDA:1,data
FNDA:0,addData
FNDA:0,closeEditBrandManage
DA:13,1
DA:16,1
DA:22,0
DA:25,0
LF:4
LH:2
BRF:0
BRH:0
end_of_record
TN:
SF:/Users/cuimengkai/Downloads/repositories/tzx/src/views/organization/brandManage/children/editBrandManage.vue
FN:63,created
FN:64,data
FN:79,submitForm
FN:80,(anonymous_4)
FN:88,cancel
FN:91,handleAvatarSuccess
FN:94,beforeAvatarUpload
FN:106,close
FNF:8
FNH:2
FNDA:1,created
FNDA:1,data
FNDA:0,submitForm
FNDA:0,(anonymous_4)
FNDA:0,cancel
FNDA:0,handleAvatarSuccess
FNDA:0,beforeAvatarUpload
FNDA:0,close
DA:65,1
DA:80,0
DA:81,0
DA:84,0
DA:89,0
DA:92,0
DA:95,0
DA:96,0
DA:98,0
DA:99,0
DA:101,0
DA:102,0
DA:104,0
DA:107,0
LF:14
LH:1
BRDA:81,0,0,0
BRDA:81,0,1,0
BRDA:98,1,0,0
BRDA:98,1,1,0
BRDA:101,2,0,0
BRDA:101,2,1,0
BRDA:104,3,0,0
BRDA:104,3,1,0
BRF:8
BRH:0
end_of_record
TN:
SF:/Users/cuimengkai/Downloads/repositories/tzx/src/views/organization/legalManage/legalManage.vue
FN:6,data
FN:107,handleClick
FN:110,formatter
FN:113,filterStore
FN:117,filterTag
FN:121,toSeeList
FN:126,handleSizeChange
FN:130,handleCurrentChange
FN:135,addData
FN:138,showTips
FN:146,hideTips
FN:150,created
FNF:12
FNH:2
FNDA:1,data
FNDA:0,handleClick
FNDA:0,formatter
FNDA:0,filterStore
FNDA:0,filterTag
FNDA:0,toSeeList
FNDA:0,handleSizeChange
FNDA:0,handleCurrentChange
FNDA:0,addData
FNDA:0,showTips
FNDA:0,hideTips
FNDA:1,created
DA:7,1
DA:108,0
DA:111,0
DA:114,0
DA:115,0
DA:118,0
DA:122,0
DA:123,0
DA:127,0
DA:128,0
DA:131,0
DA:132,0
DA:136,0
DA:139,0
DA:140,0
DA:143,0
DA:151,1
LF:17
LH:2
BRDA:139,0,0,0
BRDA:139,0,1,0
BRDA:140,1,0,0
BRDA:140,1,1,0
BRF:4
BRH:0
end_of_record
TN:
SF:/Users/cuimengkai/Downloads/repositories/tzx/src/views/organization/legalManage/children/editLegalManage.vue
FN:75,created
FN:78,data
FN:134,submitForm
FN:135,(anonymous_5)
FN:146,sendForm
FN:151,resetForm
FN:156,cancel
FNF:7
FNH:2
FNDA:1,created
FNDA:1,data
FNDA:0,submitForm
FNDA:0,(anonymous_5)
FNDA:0,sendForm
FNDA:0,resetForm
FNDA:0,cancel
DA:79,1
DA:134,0
DA:135,0
DA:136,0
DA:137,0
DA:138,0
DA:139,0
DA:141,0
DA:142,0
DA:147,0
DA:148,0
DA:149,0
DA:152,0
DA:153,0
DA:157,0
LF:15
LH:1
BRDA:136,0,0,0
BRDA:136,0,1,0
BRDA:152,1,0,0
BRDA:152,1,1,0
BRF:4
BRH:0
end_of_record
TN:
SF:/Users/cuimengkai/Downloads/repositories/tzx/src/views/organization/organizaManage/organizaManage.vue
FN:18,data
FN:25,addfgs
FN:28,addpszx
FN:31,addpmd
FN:34,closeEditCompany
FN:37,closeEditDistribution
FNF:6
FNH:1
FNDA:1,data
FNDA:0,addfgs
FNDA:0,addpszx
FNDA:0,addpmd
FNDA:0,closeEditCompany
FNDA:0,closeEditDistribution
DA:15,1
DA:16,1
DA:19,1
DA:26,0
DA:29,0
DA:32,0
DA:35,0
DA:38,0
LF:8
LH:3
BRF:0
BRH:0
end_of_record
TN:
SF:/Users/cuimengkai/Downloads/repositories/tzx/src/views/organization/organizaManage/children/company/editCompany.vue
FN:43,created
FN:46,data
FN:73,submitForm
FN:74,(anonymous_5)
FN:82,cancel
FN:85,close
FNF:6
FNH:2
FNDA:1,created
FNDA:1,data
FNDA:0,submitForm
FNDA:0,(anonymous_5)
FNDA:0,cancel
FNDA:0,close
DA:47,1
DA:73,0
DA:74,0
DA:75,0
DA:76,0
DA:78,0
DA:83,0
DA:86,0
LF:8
LH:1
BRDA:75,0,0,0
BRDA:75,0,1,0
BRF:2
BRH:0
end_of_record
TN:
SF:/Users/cuimengkai/Downloads/repositories/tzx/src/views/organization/organizaManage/children/distribution/editDistribution.vue
FN:62,created
FN:65,data
FN:97,submitForm
FN:98,(anonymous_5)
FN:106,cancel
FN:109,close
FNF:6
FNH:2
FNDA:1,created
FNDA:1,data
FNDA:0,submitForm
FNDA:0,(anonymous_5)
FNDA:0,cancel
FNDA:0,close
DA:66,1
DA:97,0
DA:98,0
DA:99,0
DA:100,0
DA:102,0
DA:107,0
DA:110,0
LF:8
LH:1
BRDA:99,0,0,0
BRDA:99,0,1,0
BRF:2
BRH:0
end_of_record
TN:
SF:/Users/cuimengkai/Downloads/repositories/tzx/src/views/organization/organizaManage/children/store/editStore.vue
FN:1,(anonymous_0)
FN:16,_interopRequireDefault
FN:19,created
FN:20,data
FN:77,submitForm
FN:80,(anonymous_5)
FN:91,sendForm
FN:96,resetForm
FN:101,cancel
FN:104,dtxd
FN:107,uploadimg
FN:399,render
FN:399,(anonymous_12)
FN:399,(anonymous_13)
FN:399,(anonymous_14)
FN:399,(anonymous_15)
FN:399,(anonymous_16)
FN:399,(anonymous_17)
FN:399,(anonymous_18)
FN:399,(anonymous_19)
FN:399,(anonymous_20)
FN:399,(anonymous_21)
FN:399,(anonymous_22)
FN:399,(anonymous_23)
FN:399,(anonymous_24)
FN:399,(anonymous_25)
FN:399,(anonymous_26)
FN:399,(anonymous_27)
FN:399,(anonymous_28)
FN:399,(anonymous_29)
FN:399,(anonymous_30)
FN:399,(anonymous_31)
FN:399,(anonymous_32)
FN:399,(anonymous_33)
FN:399,(anonymous_34)
FN:399,(anonymous_35)
FN:399,(anonymous_36)
FN:399,(anonymous_37)
FN:399,(anonymous_38)
FN:399,(anonymous_39)
FN:399,(anonymous_40)
FN:399,(anonymous_41)
FN:399,(anonymous_42)
FN:399,(anonymous_43)
FN:399,(anonymous_44)
FN:399,(anonymous_45)
FN:399,(anonymous_46)
FN:399,(anonymous_47)
FN:399,(anonymous_48)
FN:399,(anonymous_49)
FN:399,(anonymous_50)
FN:399,(anonymous_51)
FN:399,(anonymous_52)
FN:399,(anonymous_53)
FN:399,(anonymous_54)
FN:399,(anonymous_55)
FN:399,(anonymous_56)
FN:399,(anonymous_57)
FN:399,(anonymous_58)
FN:399,(anonymous_59)
FN:399,(anonymous_60)
FNF:61
FNH:0
FNDA:0,(anonymous_0)
FNDA:0,_interopRequireDefault
FNDA:0,created
FNDA:0,data
FNDA:0,submitForm
FNDA:0,(anonymous_5)
FNDA:0,sendForm
FNDA:0,resetForm
FNDA:0,cancel
FNDA:0,dtxd
FNDA:0,uploadimg
FNDA:0,render
FNDA:0,(anonymous_12)
FNDA:0,(anonymous_13)
FNDA:0,(anonymous_14)
FNDA:0,(anonymous_15)
FNDA:0,(anonymous_16)
FNDA:0,(anonymous_17)
FNDA:0,(anonymous_18)
FNDA:0,(anonymous_19)
FNDA:0,(anonymous_20)
FNDA:0,(anonymous_21)
FNDA:0,(anonymous_22)
FNDA:0,(anonymous_23)
FNDA:0,(anonymous_24)
FNDA:0,(anonymous_25)
FNDA:0,(anonymous_26)
FNDA:0,(anonymous_27)
FNDA:0,(anonymous_28)
FNDA:0,(anonymous_29)
FNDA:0,(anonymous_30)
FNDA:0,(anonymous_31)
FNDA:0,(anonymous_32)
FNDA:0,(anonymous_33)
FNDA:0,(anonymous_34)
FNDA:0,(anonymous_35)
FNDA:0,(anonymous_36)
FNDA:0,(anonymous_37)
FNDA:0,(anonymous_38)
FNDA:0,(anonymous_39)
FNDA:0,(anonymous_40)
FNDA:0,(anonymous_41)
FNDA:0,(anonymous_42)
FNDA:0,(anonymous_43)
FNDA:0,(anonymous_44)
FNDA:0,(anonymous_45)
FNDA:0,(anonymous_46)
FNDA:0,(anonymous_47)
FNDA:0,(anonymous_48)
FNDA:0,(anonymous_49)
FNDA:0,(anonymous_50)
FNDA:0,(anonymous_51)
FNDA:0,(anonymous_52)
FNDA:0,(anonymous_53)
FNDA:0,(anonymous_54)
FNDA:0,(anonymous_55)
FNDA:0,(anonymous_56)
FNDA:0,(anonymous_57)
FNDA:0,(anonymous_58)
FNDA:0,(anonymous_59)
FNDA:0,(anonymous_60)
DA:1,0
DA:4,0
DA:8,0
DA:10,0
DA:12,0
DA:14,0
DA:16,0
DA:18,0
DA:21,0
DA:78,0
DA:80,0
DA:81,0
DA:82,0
DA:83,0
DA:84,0
DA:86,0
DA:87,0
DA:92,0
DA:93,0
DA:94,0
DA:97,0
DA:98,0
DA:102,0
DA:105,0
DA:108,0
DA:397,0
DA:398,0
DA:399,0
DA:400,0
LF:29
LH:0
BRDA:16,0,0,0
BRDA:16,0,1,0
BRDA:16,1,0,0
BRDA:16,1,1,0
BRDA:81,2,0,0
BRDA:81,2,1,0
BRDA:97,3,0,0
BRDA:97,3,1,0
BRDA:397,4,0,0
BRDA:397,4,1,0
BRDA:398,5,0,0
BRDA:398,5,1,0
BRDA:399,6,0,0
BRDA:399,6,1,0
BRF:14
BRH:0
end_of_record
TN:
SF:/Users/cuimengkai/Downloads/repositories/tzx/src/views/organization/priceManage/priceManage.vue
FN:121,data
FN:217,handleClick
FN:220,formatter
FN:223,filterTag
FN:227,toSeeList
FN:232,handleSizeChange
FN:236,handleCurrentChange
FN:241,addData
FN:245,closeEditPriceManage
FN:249,toggleSelection
FN:251,(anonymous_12)
FN:258,handleSelectionChange
FN:216,handleClick
FN:266,created
FNF:14
FNH:2
FNDA:1,data
FNDA:0,handleClick
FNDA:0,formatter
FNDA:0,filterTag
FNDA:0,toSeeList
FNDA:0,handleSizeChange
FNDA:0,handleCurrentChange
FNDA:0,addData
FNDA:0,closeEditPriceManage
FNDA:0,toggleSelection
FNDA:0,(anonymous_12)
FNDA:0,handleSelectionChange
FNDA:0,handleClick
FNDA:1,created
DA:116,1
DA:122,1
DA:218,0
DA:221,0
DA:224,0
DA:228,0
DA:229,0
DA:233,0
DA:234,0
DA:237,0
DA:238,0
DA:242,0
DA:246,0
DA:249,0
DA:250,0
DA:251,0
DA:252,0
DA:255,0
DA:259,0
DA:263,0
DA:267,1
LF:21
LH:3
BRDA:250,0,0,0
BRDA:250,0,1,0
BRF:2
BRH:0
end_of_record
TN:
SF:/Users/cuimengkai/Downloads/repositories/tzx/src/views/organization/priceManage/children/editPriceManage.vue
FN:37,created
FN:38,data
FN:58,submitForm
FN:59,(anonymous_5)
FN:67,cancel
FN:70,close
FNF:6
FNH:2
FNDA:1,created
FNDA:1,data
FNDA:0,submitForm
FNDA:0,(anonymous_5)
FNDA:0,cancel
FNDA:0,close
DA:39,1
DA:58,0
DA:59,0
DA:60,0
DA:61,0
DA:63,0
DA:68,0
DA:71,0
LF:8
LH:1
BRDA:60,0,0,0
BRDA:60,0,1,0
BRF:2
BRH:0
end_of_record
TN:
SF:/Users/cuimengkai/Downloads/repositories/tzx/src/views/permission/personManage/personManage.vue
FN:13,addData
FNF:1
FNH:0
FNDA:0,addData
DA:14,0
LF:1
LH:0
BRF:0
BRH:0
end_of_record
TN:
SF:/Users/cuimengkai/Downloads/repositories/tzx/src/views/permission/personManage/children/editPersonManage.vue
FN:86,created
FN:87,data
FN:129,submitForm
FN:130,(anonymous_5)
FN:141,sendForm
FN:146,resetForm
FN:151,cancel
FNF:7
FNH:2
FNDA:1,created
FNDA:1,data
FNDA:0,submitForm
FNDA:0,(anonymous_5)
FNDA:0,sendForm
FNDA:0,resetForm
FNDA:0,cancel
DA:88,1
DA:129,0
DA:130,0
DA:131,0
DA:132,0
DA:133,0
DA:134,0
DA:136,0
DA:137,0
DA:142,0
DA:143,0
DA:144,0
DA:147,0
DA:148,0
DA:152,0
LF:15
LH:1
BRDA:131,0,0,0
BRDA:131,0,1,0
BRDA:147,1,0,0
BRDA:147,1,1,0
BRF:4
BRH:0
end_of_record
TN:
SF:/Users/cuimengkai/Downloads/repositories/tzx/src/views/permission/roleManage/roleManage.vue
FN:14,data
FN:20,addData
FN:23,closeEditRoleManage
FNF:3
FNH:1
FNDA:1,data
FNDA:0,addData
FNDA:0,closeEditRoleManage
DA:12,1
DA:15,1
DA:21,0
DA:24,0
LF:4
LH:2
BRF:0
BRH:0
end_of_record
TN:
SF:/Users/cuimengkai/Downloads/repositories/tzx/src/views/permission/roleManage/children/editRoleManage.vue
FN:37,created
FN:40,data
FN:61,submitForm
FN:62,(anonymous_5)
FN:70,cancel
FN:73,close
FNF:6
FNH:2
FNDA:1,created
FNDA:1,data
FNDA:0,submitForm
FNDA:0,(anonymous_5)
FNDA:0,cancel
FNDA:0,close
DA:41,1
DA:61,0
DA:62,0
DA:63,0
DA:64,0
DA:66,0
DA:71,0
DA:74,0
LF:8
LH:1
BRDA:63,0,0,0
BRDA:63,0,1,0
BRF:2
BRH:0
end_of_record
TN:
SF:/Users/cuimengkai/Downloads/repositories/tzx/src/views/systemSetting/advancedSetting/storeSetting/storeSetting.vue
FN:14,data
FN:20,addData
FN:23,closeEditStoreSetting
FNF:3
FNH:1
FNDA:1,data
FNDA:0,addData
FNDA:0,closeEditStoreSetting
DA:12,1
DA:15,1
DA:21,0
DA:24,0
LF:4
LH:2
BRF:0
BRH:0
end_of_record
TN:
SF:/Users/cuimengkai/Downloads/repositories/tzx/src/views/systemSetting/advancedSetting/storeSetting/children/editStoreSetting.vue
FN:34,created
FN:37,data
FN:58,submitForm
FN:59,(anonymous_5)
FN:67,cancel
FN:70,close
FNF:6
FNH:2
FNDA:1,created
FNDA:1,data
FNDA:0,submitForm
FNDA:0,(anonymous_5)
FNDA:0,cancel
FNDA:0,close
DA:38,1
DA:58,0
DA:59,0
DA:60,0
DA:61,0
DA:63,0
DA:68,0
DA:71,0
LF:8
LH:1
BRDA:60,0,0,0
BRDA:60,0,1,0
BRF:2
BRH:0
end_of_record
TN:
SF:/Users/cuimengkai/Downloads/repositories/tzx/src/views/systemSetting/cuisineMaint/cuisineMaint.vue
FN:14,data
FN:20,addData
FN:23,closeEditCuisineMaint
FNF:3
FNH:1
FNDA:1,data
FNDA:0,addData
FNDA:0,closeEditCuisineMaint
DA:12,1
DA:15,1
DA:21,0
DA:24,0
LF:4
LH:2
BRF:0
BRH:0
end_of_record
TN:
SF:/Users/cuimengkai/Downloads/repositories/tzx/src/views/systemSetting/cuisineMaint/children/editCuisineMaint.vue
FN:34,created
FN:35,data
FN:55,submitForm
FN:56,(anonymous_5)
FN:64,cancel
FN:67,close
FNF:6
FNH:2
FNDA:1,created
FNDA:1,data
FNDA:0,submitForm
FNDA:0,(anonymous_5)
FNDA:0,cancel
FNDA:0,close
DA:36,1
DA:55,0
DA:56,0
DA:57,0
DA:58,0
DA:60,0
DA:65,0
DA:68,0
LF:8
LH:1
BRDA:57,0,0,0
BRDA:57,0,1,0
BRF:2
BRH:0
end_of_record
TN:
SF:/Users/cuimengkai/Downloads/repositories/tzx/src/views/systemSetting/personPosition/personPosition.vue
FN:14,data
FN:20,addData
FN:23,closeEditPersonPosition
FNF:3
FNH:1
FNDA:1,data
FNDA:0,addData
FNDA:0,closeEditPersonPosition
DA:12,1
DA:15,1
DA:21,0
DA:24,0
LF:4
LH:2
BRF:0
BRH:0
end_of_record
TN:
SF:/Users/cuimengkai/Downloads/repositories/tzx/src/views/systemSetting/personPosition/children/editPersonPosition.vue
FN:34,created
FN:35,data
FN:55,submitForm
FN:56,(anonymous_5)
FN:64,cancel
FN:67,close
FNF:6
FNH:2
FNDA:1,created
FNDA:1,data
FNDA:0,submitForm
FNDA:0,(anonymous_5)
FNDA:0,cancel
FNDA:0,close
DA:36,1
DA:55,0
DA:56,0
DA:57,0
DA:58,0
DA:60,0
DA:65,0
DA:68,0
LF:8
LH:1
BRDA:57,0,0,0
BRDA:57,0,1,0
BRF:2
BRH:0
end_of_record
TN:
SF:/Users/cuimengkai/Downloads/repositories/tzx/src/views/systemSetting/systemNotice/systemNotice.vue
FN:13,addData
FNF:1
FNH:0
FNDA:0,addData
DA:14,0
LF:1
LH:0
BRF:0
BRH:0
end_of_record
TN:
SF:/Users/cuimengkai/Downloads/repositories/tzx/src/views/systemSetting/systemNotice/children/editSystemNotice.vue
FN:69,created
FN:70,data
FN:103,submitForm
FN:104,(anonymous_5)
FN:115,sendForm
FN:120,resetForm
FN:125,cancel
FNF:7
FNH:2
FNDA:1,created
FNDA:1,data
FNDA:0,submitForm
FNDA:0,(anonymous_5)
FNDA:0,sendForm
FNDA:0,resetForm
FNDA:0,cancel
DA:71,1
DA:103,0
DA:104,0
DA:105,0
DA:106,0
DA:107,0
DA:108,0
DA:110,0
DA:111,0
DA:116,0
DA:117,0
DA:118,0
DA:121,0
DA:122,0
DA:126,0
LF:15
LH:1
BRDA:105,0,0,0
BRDA:105,0,1,0
BRDA:121,1,0,0
BRDA:121,1,1,0
BRF:4
BRH:0
end_of_record
