{
  "stats": {
    "suites": 2,
    "tests": 12,
    "passes": 9,
    "pending": 0,
    "failures": 3,
    "start": "2017-12-05T11:06:48.932Z",
    "end": "2017-12-05T11:06:49.102Z",
    "duration": 170,
    "testsRegistered": 12,
    "passPercent": 75,
    "pendingPercent": 0,
    "other": 0,
    "hasOther": false,
    "skipped": 0,
    "hasSkipped": false,
    "passPercentClass": "warning",
    "pendingPercentClass": "danger"
  },
  "suites": {
    "uuid": "6da58f2c-fbfd-47c1-acf9-1fb9b56984e1",
    "title": "",
    "fullFile": "",
    "file": "",
    "beforeHooks": [],
    "afterHooks": [],
    "tests": [],
    "suites": [
      {
        "uuid": "b8f44e9e-74d4-48f6-9dcf-d21ab53ed51c",
        "title": "基本测试",
        "fullFile": "C:\\Users\\Administrator\\Desktop\\DHQ\\test\\unit\\tests\\demo\\example.test.js",
        "file": "\\test\\unit\\tests\\demo\\example.test.js",
        "beforeHooks": [],
        "afterHooks": [],
        "tests": [
          {
            "title": "数字类型 相等 操作 使用",
            "fullTitle": "基本测试 数字类型 相等 操作 使用",
            "timedOut": false,
            "duration": 1,
            "state": "passed",
            "speed": "fast",
            "pass": true,
            "fail": false,
            "pending": false,
            "code": "expect(4 + 5).to.be.equal(9);",
            "err": {},
            "isRoot": false,
            "uuid": "9c93d09e-06d3-4f67-887e-98240824354e",
            "isHook": false,
            "skipped": false
          },
          {
            "title": "数字类型 不相等 操作 使用",
            "fullTitle": "基本测试 数字类型 不相等 操作 使用",
            "timedOut": false,
            "duration": 1,
            "state": "passed",
            "speed": "fast",
            "pass": true,
            "fail": false,
            "pending": false,
            "code": "expect(4 + 5).to.be.not.equal(10);",
            "err": {},
            "isRoot": false,
            "uuid": "eb382d08-daff-4328-ab59-edb85e170c63",
            "isHook": false,
            "skipped": false
          },
          {
            "title": "对象类型 相等 操作 使用",
            "fullTitle": "基本测试 对象类型 相等 操作 使用",
            "timedOut": false,
            "duration": 5,
            "state": "failed",
            "pass": false,
            "fail": true,
            "pending": false,
            "code": "expect(obj).to.be.deep.equal({ name: 'name' });",
            "err": {
              "message": "AssertionError: expected { name: 'name1' } to deeply equal { name: 'name' }",
              "estack": "AssertionError: expected { name: 'name1' } to deeply equal { name: 'name' }\n    at Proxy.assertEqual (node_modules\\_chai@4.1.2@chai\\lib\\chai\\core\\assertions.js:1020:19)\n    at Proxy.methodWrapper (node_modules\\_chai@4.1.2@chai\\lib\\chai\\utils\\addMethod.js:57:25)\n    at Context.<anonymous> (C:/Users/Administrator/Desktop/DHQ/test/unit/tests/demo/example.test.js:11:28)\n    at callFn (node_modules\\_mocha@4.0.1@mocha\\lib\\runnable.js:354:21)\n    at Test.Runnable.run (node_modules\\_mocha@4.0.1@mocha\\lib\\runnable.js:346:7)\n    at Runner.runTest (node_modules\\_mocha@4.0.1@mocha\\lib\\runner.js:442:10)\n    at node_modules\\_mocha@4.0.1@mocha\\lib\\runner.js:560:12\n    at next (node_modules\\_mocha@4.0.1@mocha\\lib\\runner.js:356:14)\n    at node_modules\\_mocha@4.0.1@mocha\\lib\\runner.js:366:7\n    at next (node_modules\\_mocha@4.0.1@mocha\\lib\\runner.js:290:14)\n    at Immediate.<anonymous> (node_modules\\_mocha@4.0.1@mocha\\lib\\runner.js:334:5)",
              "diff": " {\n-   \"name\": \"name1\"\n+   \"name\": \"name\"\n }\n"
            },
            "isRoot": false,
            "uuid": "fa35d90a-3a9e-42d1-8db4-1d0d843b63ac",
            "isHook": false,
            "skipped": false
          },
          {
            "title": "布尔类型 相等 操作 使用",
            "fullTitle": "基本测试 布尔类型 相等 操作 使用",
            "timedOut": false,
            "duration": 0,
            "state": "passed",
            "speed": "fast",
            "pass": true,
            "fail": false,
            "pending": false,
            "code": "expect('everthing').to.be.ok;",
            "err": {},
            "isRoot": false,
            "uuid": "42b28d7b-3691-4943-b718-9c39ac209625",
            "isHook": false,
            "skipped": false
          },
          {
            "title": "布尔类型 不相等 操作 使用",
            "fullTitle": "基本测试 布尔类型 不相等 操作 使用",
            "timedOut": false,
            "duration": 0,
            "state": "passed",
            "speed": "fast",
            "pass": true,
            "fail": false,
            "pending": false,
            "code": "expect(false).to.not.be.ok;",
            "err": {},
            "isRoot": false,
            "uuid": "abf51563-bc93-4acb-b8ca-f55735078c0d",
            "isHook": false,
            "skipped": false
          },
          {
            "title": "类型判断 相等 操作 使用",
            "fullTitle": "基本测试 类型判断 相等 操作 使用",
            "timedOut": false,
            "duration": 1,
            "state": "passed",
            "speed": "fast",
            "pass": true,
            "fail": false,
            "pending": false,
            "code": "expect('test').to.be.a('string');",
            "err": {},
            "isRoot": false,
            "uuid": "3240e38e-313e-4def-8efe-76f4221dd882",
            "isHook": false,
            "skipped": false
          },
          {
            "title": "对象类型 相等 操作 使用",
            "fullTitle": "基本测试 对象类型 相等 操作 使用",
            "timedOut": false,
            "duration": 0,
            "state": "passed",
            "speed": "fast",
            "pass": true,
            "fail": false,
            "pending": false,
            "code": "expect({ foo: 'bar' }).to.be.an('object');",
            "err": {},
            "isRoot": false,
            "uuid": "813a95f0-8818-43a5-85d4-08040d6f5063",
            "isHook": false,
            "skipped": false
          },
          {
            "title": "对象类型 不相等 操作 使用",
            "fullTitle": "基本测试 对象类型 不相等 操作 使用",
            "timedOut": false,
            "duration": 1,
            "state": "passed",
            "speed": "fast",
            "pass": true,
            "fail": false,
            "pending": false,
            "code": "expect(obj).to.be.an.instanceof(Object);",
            "err": {},
            "isRoot": false,
            "uuid": "0857756a-4c85-4663-ab52-be59ba2d6a51",
            "isHook": false,
            "skipped": false
          },
          {
            "title": "是否包含 操作 使用",
            "fullTitle": "基本测试 是否包含 操作 使用",
            "timedOut": false,
            "duration": 2,
            "state": "failed",
            "pass": false,
            "fail": true,
            "pending": false,
            "code": "expect([1, 2, 3]).to.include(4);\nexpect('foobar').to.contain('foo');\nexpect({ foo: 'bar', hello: 'universe' }).to.include.keys('foo');",
            "err": {
              "message": "AssertionError: expected [ 1, 2, 3 ] to include 4",
              "estack": "AssertionError: expected [ 1, 2, 3 ] to include 4\n    at Context.<anonymous> (C:/Users/Administrator/Desktop/DHQ/test/unit/tests/demo/example.test.js:29:26)\n    at callFn (node_modules\\_mocha@4.0.1@mocha\\lib\\runnable.js:354:21)\n    at Test.Runnable.run (node_modules\\_mocha@4.0.1@mocha\\lib\\runnable.js:346:7)\n    at Runner.runTest (node_modules\\_mocha@4.0.1@mocha\\lib\\runner.js:442:10)\n    at node_modules\\_mocha@4.0.1@mocha\\lib\\runner.js:560:12\n    at next (node_modules\\_mocha@4.0.1@mocha\\lib\\runner.js:356:14)\n    at node_modules\\_mocha@4.0.1@mocha\\lib\\runner.js:366:7\n    at next (node_modules\\_mocha@4.0.1@mocha\\lib\\runner.js:290:14)\n    at Immediate.<anonymous> (node_modules\\_mocha@4.0.1@mocha\\lib\\runner.js:334:5)"
            },
            "isRoot": false,
            "uuid": "c612172c-c815-4c21-b740-3ced36d190d0",
            "isHook": false,
            "skipped": false
          },
          {
            "title": "是否为空 操作 使用",
            "fullTitle": "基本测试 是否为空 操作 使用",
            "timedOut": false,
            "duration": 1,
            "state": "passed",
            "speed": "fast",
            "pass": true,
            "fail": false,
            "pending": false,
            "code": "expect([]).to.be.empty;\nexpect('').to.be.empty;\nexpect({}).to.be.empty;",
            "err": {},
            "isRoot": false,
            "uuid": "be7513b6-e714-4db0-9cdf-ec703c2bcc63",
            "isHook": false,
            "skipped": false
          },
          {
            "title": "正则匹配 操作 使用",
            "fullTitle": "基本测试 正则匹配 操作 使用",
            "timedOut": false,
            "duration": 0,
            "state": "passed",
            "speed": "fast",
            "pass": true,
            "fail": false,
            "pending": false,
            "code": "expect('foobar').to.match(/^foo/);",
            "err": {},
            "isRoot": false,
            "uuid": "aa1ed782-64dd-4b03-95a9-e258c05a7e6b",
            "isHook": false,
            "skipped": false
          }
        ],
        "suites": [],
        "passes": [
          "9c93d09e-06d3-4f67-887e-98240824354e",
          "eb382d08-daff-4328-ab59-edb85e170c63",
          "42b28d7b-3691-4943-b718-9c39ac209625",
          "abf51563-bc93-4acb-b8ca-f55735078c0d",
          "3240e38e-313e-4def-8efe-76f4221dd882",
          "813a95f0-8818-43a5-85d4-08040d6f5063",
          "0857756a-4c85-4663-ab52-be59ba2d6a51",
          "be7513b6-e714-4db0-9cdf-ec703c2bcc63",
          "aa1ed782-64dd-4b03-95a9-e258c05a7e6b"
        ],
        "failures": [
          "fa35d90a-3a9e-42d1-8db4-1d0d843b63ac",
          "c612172c-c815-4c21-b740-3ced36d190d0"
        ],
        "pending": [],
        "skipped": [],
        "duration": 12,
        "root": false,
        "rootEmpty": false,
        "_timeout": 2000
      },
      {
        "uuid": "316ff2be-b91f-4d9d-809e-7dae694acd95",
        "title": "获取store对象",
        "fullFile": "C:\\Users\\Administrator\\Desktop\\DHQ\\test\\unit\\tests\\store\\store.test.js",
        "file": "\\test\\unit\\tests\\store\\store.test.js",
        "beforeHooks": [],
        "afterHooks": [],
        "tests": [
          {
            "title": "获取store对象",
            "fullTitle": "获取store对象 获取store对象",
            "timedOut": false,
            "duration": 2,
            "state": "failed",
            "pass": false,
            "fail": true,
            "pending": false,
            "code": "(0, _chai.expect)(_index2.default.state).to.be.deep.equal({ sessionId: '1235',\n  navTabs: [],\n  activeTabValue: '0',\n  fullscreenMode: false,\n  cacheData: {} });",
            "err": {
              "message": "AssertionError: expected { Object (sessionId, navTabs, ...) } to deeply equal { Object (sessionId, navTabs, ...) }",
              "estack": "AssertionError: expected { Object (sessionId, navTabs, ...) } to deeply equal { Object (sessionId, navTabs, ...) }\n    at Proxy.assertEqual (node_modules\\_chai@4.1.2@chai\\lib\\chai\\core\\assertions.js:1020:19)\n    at Proxy.methodWrapper (node_modules\\_chai@4.1.2@chai\\lib\\chai\\utils\\addMethod.js:57:25)\n    at Context.<anonymous> (C:/Users/Administrator/Desktop/DHQ/test/unit/tests/store/store.test.js:7:36)\n    at callFn (node_modules\\_mocha@4.0.1@mocha\\lib\\runnable.js:354:21)\n    at Test.Runnable.run (node_modules\\_mocha@4.0.1@mocha\\lib\\runnable.js:346:7)\n    at Runner.runTest (node_modules\\_mocha@4.0.1@mocha\\lib\\runner.js:442:10)\n    at node_modules\\_mocha@4.0.1@mocha\\lib\\runner.js:560:12\n    at next (node_modules\\_mocha@4.0.1@mocha\\lib\\runner.js:356:14)\n    at node_modules\\_mocha@4.0.1@mocha\\lib\\runner.js:366:7\n    at next (node_modules\\_mocha@4.0.1@mocha\\lib\\runner.js:290:14)\n    at Immediate.<anonymous> (node_modules\\_mocha@4.0.1@mocha\\lib\\runner.js:334:5)",
              "diff": "   \"activeTabValue\": \"0\"\n   \"cacheData\": {}\n   \"fullscreenMode\": false\n   \"navTabs\": []\n-   \"sessionId\": \"1234\"\n+   \"sessionId\": \"1235\"\n }\n"
            },
            "isRoot": false,
            "uuid": "3dba13ce-ed37-42ff-aaaf-95080f4a52bb",
            "isHook": false,
            "skipped": false
          }
        ],
        "suites": [],
        "passes": [],
        "failures": [
          "3dba13ce-ed37-42ff-aaaf-95080f4a52bb"
        ],
        "pending": [],
        "skipped": [],
        "duration": 2,
        "root": false,
        "rootEmpty": false,
        "_timeout": 2000
      }
    ],
    "passes": [],
    "failures": [],
    "pending": [],
    "skipped": [],
    "duration": 0,
    "root": true,
    "rootEmpty": true,
    "_timeout": 2000
  },
  "copyrightYear": 2017
}